↩  Reprise : 1125 piste(s) déjà migrée(s)

📦  2564 pistes à migrer vers « dtfm2cwm0 »
     Action: 177
     Atmosphère: 381
     Burlesque: 52
     Country Blues: 21
     Divers: 472
     Folk Acoustique: 99
     Groovy: 26
     Hard Rock: 10
     Latino: 9
     Loops: 5
     Ludique: 85
     Mélancolie: 6
     Neutre Positif: 12
     Orchestral: 99
     Paname: 12
     Paranormal: 99
     Piano: 99
     Pizzicato: 98
     Pop Acoustique: 94
     Reggae: 11
     Rock: 50
     Romance: 99
     Suspense: 99
     Swing Jazz: 22
     Transition: 6
     World Music: 99
     samples: 4
     Électro: 99
     Électro-Pop: 219

[1126/2564] Folk Acoustique · Dick Rvmr … ✓
[1127/2564] Folk Acoustique · Drunkenness Dreams Msvc … ✓
[1128/2564] Folk Acoustique · Emoji Rvmr … ✓
[1129/2564] Folk Acoustique · Faciale Rvmr … ✓
[1130/2564] Folk Acoustique · Failure Rvmr … ✓
[1131/2564] Folk Acoustique · Finnet Mvcvm … ✓
[1132/2564] Folk Acoustique · Finnez Mvcvm … ✓
[1133/2564] Folk Acoustique · Finno Mvcvm … ✓
[1134/2564] Folk Acoustique · Finnuzzo Mvcvm … ✓
[1135/2564] Folk Acoustique · Flowers Rvmr … ✓
[1136/2564] Folk Acoustique · Fly In The Motor … ✓
[1137/2564] Folk Acoustique · Fly In The Motor Only Percs … ✓
[1138/2564] Folk Acoustique · Fly In The Motor Piano Only … ✓
[1139/2564] Folk Acoustique · Folker Dreamer Juv … ✓
[1140/2564] Folk Acoustique · Foxy Rvmr … ✓
[1141/2564] Folk Acoustique · Gango Mvcvm … ✓
[1142/2564] Folk Acoustique · Happy Guitar Arv … ✓
[1143/2564] Folk Acoustique · In The Fields Rvmr … ✓
[1144/2564] Folk Acoustique · In The Zone … ✓
[1145/2564] Folk Acoustique · In The Zone Bass Drums … ✓
[1146/2564] Folk Acoustique · In The Zone Rythm Section … ✓
[1147/2564] Folk Acoustique · In The Zone Underscore … ✓
[1148/2564] Folk Acoustique · Interstate Rvmr … ✓
[1149/2564] Folk Acoustique · Ken Dvc … ✓
[1150/2564] Folk Acoustique · Kids Fun Rvmr … ✓
[1151/2564] Folk Acoustique · Light Promises Msvc … ✓
[1152/2564] Folk Acoustique · Light Promises Msvc   No Drums … ✓
[1153/2564] Folk Acoustique · Listen Carefully Mvcvm … ✓
[1154/2564] Folk Acoustique · Mat Drop Rvmr … ✓
[1155/2564] Folk Acoustique · My Michelle Pb Same Juv … ✓
[1156/2564] Folk Acoustique · Olawa Mvcvm … ✓
[1157/2564] Folk Acoustique · Ottobiruto Mvcvm … ✓
[1158/2564] Folk Acoustique · Petit Coeur Msvc … ✓
[1159/2564] Folk Acoustique · Polaroid Rvmr … ✓
[1160/2564] Folk Acoustique · Private Road Rvmr … ✓
[1161/2564] Folk Acoustique · Proud Father No Drums Rvmr … ✓
[1162/2564] Folk Acoustique · Proud Father Only Acc And Piano Rvmr … ✓
[1163/2564] Folk Acoustique · Proud Father Only Piano Rvmr … ✓
[1164/2564] Folk Acoustique · Proud Father Rvmr … ✓
[1165/2564] Folk Acoustique · Queen Saturday Mvcvm … ✓
[1166/2564] Folk Acoustique · Quite Like Me Mvcvm … ✓
[1167/2564] Folk Acoustique · Renaissance … ✓
[1168/2564] Folk Acoustique · Resilience … ✓
[1169/2564] Folk Acoustique · Sab Rvmr … ✓
[1170/2564] Folk Acoustique · Say Truck Rvmr … ✓
[1171/2564] Folk Acoustique · Seeking The Truth … ✓
[1172/2564] Folk Acoustique · Seye Mvc … ✓
[1173/2564] Folk Acoustique · Side Jack Juv … ✓
[1174/2564] Folk Acoustique · Something Strong … ✓
[1175/2564] Folk Acoustique · Spring Of Somebody Msvc … ✓
[1176/2564] Folk Acoustique · Spring Of Somebody Msvc   No Drums … ✓
[1177/2564] Folk Acoustique · Strange Bubbles … ✓
[1178/2564] Folk Acoustique · Strange Bubbles Keys Only … ✓
[1179/2564] Folk Acoustique · Strange Bubbles No Keys … ✓
[1180/2564] Folk Acoustique · Strike For Air No Bass Rvmr … ✓
[1181/2564] Folk Acoustique · Strike For Air Rvmr … ✓
[1182/2564] Folk Acoustique · Strike For Air Synth Only Rvmr … ✓
[1183/2564] Folk Acoustique · Strike For Air Wurlitzer Rvmr … ✓
[1184/2564] Folk Acoustique · Sun Burn Bass And Dark Piano Only … ✓
[1185/2564] Folk Acoustique · Sun Burn Pad And Keys Only … ✓
[1186/2564] Folk Acoustique · Sweet Taco New Rvmr … ✓
[1187/2564] Folk Acoustique · Sweet Taco Rvmr … ✓
[1188/2564] Folk Acoustique · Temps Ennemi … ✓
[1189/2564] Folk Acoustique · Temps Ennemi Underscore … ✓
[1190/2564] Folk Acoustique · The Credits … ✓
[1191/2564] Folk Acoustique · The Heart Race Rvmr … ✓
[1192/2564] Folk Acoustique · The Opening … ✓
[1193/2564] Folk Acoustique · Top Of The Roof Rvmr … ✓
[1194/2564] Folk Acoustique · Ukulala Juv … ✓
[1195/2564] Folk Acoustique · Uncontrol Delay Msvc … ✓
[1196/2564] Folk Acoustique · Valse Acoustique Juv … ✓
[1197/2564] Folk Acoustique · Valsextera Juv … ✓
[1198/2564] Folk Acoustique · Vladidik Rvmr … ✓
[1199/2564] Folk Acoustique · Vlys Mvc … ✓
[1200/2564] Folk Acoustique · What The Folk Juv … ✓
[1201/2564] Folk Acoustique · What The Folk Juv   Only Guitars … ✓
[1202/2564] Folk Acoustique · Wotre Vcm … ✓
[1203/2564] Groovy       · Berger Rvmr … ✓
[1204/2564] Groovy       · Checchina Mvcvm … ✓
[1205/2564] Groovy       · Desert Mvcvm … ✓
[1206/2564] Groovy       · Desert Mvcvm   No Ethnic Instruments … ✓
[1207/2564] Groovy       · Do You Wanna Funk With Me Msvc … ✓
[1208/2564] Groovy       · Faggio Mvcvm … ✓
[1209/2564] Groovy       · Flower Power Rvmr … ✓
[1210/2564] Groovy       · Freedom Gunmen Wuv … ✓
[1211/2564] Groovy       · Funkyone … ✓
[1212/2564] Groovy       · Grimmlizou Juv … ✓
[1213/2564] Groovy       · Key Fun Rvmr … ✓
[1214/2564] Groovy       · Mad Drumming Wuv … ✓
[1215/2564] Groovy       · Mystic Seventies Style Msvc … ✓
[1216/2564] Groovy       · Nasaro Mvcvm … ✓
[1217/2564] Groovy       · Patta Mvcvm … ✓
[1218/2564] Groovy       · Pipo Mvcvm … ✓
[1219/2564] Groovy       · Rvmr Hda1 … ✓
[1220/2564] Groovy       · Rvmr Hda2 … ✓
[1221/2564] Groovy       · Sandolita Mvcvm … ✓
[1222/2564] Groovy       · Seguire Mvcvm … ✓
[1223/2564] Groovy       · Spacer Poppers Msvc … ✓
[1224/2564] Groovy       · Street Soul Msvc … ✓
[1225/2564] Groovy       · System Gou Vv … ✓
[1226/2564] Groovy       · Trama Mvcvm … ✓
[1227/2564] Groovy       · Vaffa Mvcvm … ✓
[1228/2564] Groovy       · Yoga Project Vv … ✓
[1229/2564] Hard Rock    · Adema Bis Msvc … ✓
[1230/2564] Hard Rock    · Chop Suy Msvc … ✓
[1231/2564] Hard Rock    · Dead Weather Msvc … ✓
[1232/2564] Hard Rock    · Eddie Van Alien Msvc … ✓
[1233/2564] Hard Rock    · Futurock Argentina Msvc … ✓
[1234/2564] Hard Rock    · Impossible Adventure Msvc … ✓
[1235/2564] Hard Rock    · Nation Off The Riff Msvc … ✓
[1236/2564] Hard Rock    · Rogue Element Msvc … ✓
[1237/2564] Hard Rock    · Tsmigue Dvc … ✓
[1238/2564] Hard Rock    · Zakane Dvc … ✓
[1239/2564] Latino       · Coffey Man Rvmr … ✓
[1240/2564] Latino       · Dancelena Mvcvm … ✓
[1241/2564] Latino       · Far West Juv … ✓
[1242/2564] Latino       · Glove Mvcvm … ✓
[1243/2564] Latino       · Harmo Dream Juv … ✓
[1244/2564] Latino       · Ola Que Tal Rvmr … ✓
[1245/2564] Latino       · Samba Drumming Wuv … ✓
[1246/2564] Latino       · Side Jack Juv … ✓
[1247/2564] Latino       · Tseva Dvc … ✓
[1248/2564] Loops        · Loops 001 Mvcvm   95 Bpm Triplets … ✓
[1249/2564] Loops        · Loops 002 Mvcvm   95 Bpm … ✓
[1250/2564] Loops        · Loops 003 Mvcvm   100 Bpm … ✓
[1251/2564] Loops        · On The Line … ✓
[1252/2564] Loops        · Trance Decadence Msvc … ✓
[1253/2564] Ludique      · Appep Mvc … ✓
[1254/2564] Ludique      · Baite Dvc … ✓
[1255/2564] Ludique      · Basstringue Juv … ✓
[1256/2564] Ludique      · Cane Mvcvm … ✓
[1257/2564] Ludique      · Care Meat La Grenouille Rvmr … ✓
[1258/2564] Ludique      · Casa Mvcvm … ✓
[1259/2564] Ludique      · Chan Chan … ✓
[1260/2564] Ludique      · Childish … ✓
[1261/2564] Ludique      · Chin Chin … ✓
[1262/2564] Ludique      · Codec Dvc … ✓
[1263/2564] Ludique      · Cover Under Dvc … ✓
[1264/2564] Ludique      · Cunnie Dvc … ✓
[1265/2564] Ludique      · Dano Mvcvm … ✓
[1266/2564] Ludique      · Deconvenues … ✓
[1267/2564] Ludique      · Detective In Action Dvc … ✓
[1268/2564] Ludique      · Did You See The Cat Fall Rvmr … ✓
[1269/2564] Ludique      · Dreamer Dvc … ✓
[1270/2564] Ludique      · Dries Mvcvm … ✓
[1271/2564] Ludique      · Elektrika Mvcvm … ✓
[1272/2564] Ludique      · Elgiorno Mvcvm   Full Version … ✓
[1273/2564] Ludique      · Elgiorno Mvcvm   Light Version … ✓
[1274/2564] Ludique      · Eprah Mvc … ✓
[1275/2564] Ludique      · Fador Mvcvm … ✓
[1276/2564] Ludique      · Gianni Mvcvm   Full Version … ✓
[1277/2564] Ludique      · Gianni Mvcvm   Marimba Version … ✓
[1278/2564] Ludique      · Gianni Mvcvm   Short Version … ✓
[1279/2564] Ludique      · Gipp Mvc … ✓
[1280/2564] Ludique      · Hyoku Mvc … ✓
[1281/2564] Ludique      · Ihlyk Mvc … ✓
[1282/2564] Ludique      · Immature Dvc … ✓
[1283/2564] Ludique      · Jutoh Mvc … ✓
[1284/2564] Ludique      · Lartebelo Mvcvm … ✓
[1285/2564] Ludique      · Laughs In Vienna Rvmr … ✓
[1286/2564] Ludique      · Legendes And Meats Rvmr … ✓
[1287/2564] Ludique      · Lighter Dvc … ✓
[1288/2564] Ludique      · Lihox Mvc … ✓
[1289/2564] Ludique      · Lumeat Mvcvm … ✓
[1290/2564] Ludique      · Lumeat Mvcvm   V2 … ✓
[1291/2564] Ludique      · Lumeat Mvcvm   V3 … ✓
[1292/2564] Ludique      · Lupo Vcm … ✓
[1293/2564] Ludique      · Magia Vcm … ✓
[1294/2564] Ludique      · Maigret Dvc … ✓
[1295/2564] Ludique      · Meat Me Rvmr … ✓
[1296/2564] Ludique      · Mom A0919 05 Ugg Avs … ✓
[1297/2564] Ludique      · Nasaro Mvcvm … ✓
[1298/2564] Ludique      · Petit Coeur Msvc … ✓
[1299/2564] Ludique      · Phantom Mvcvm … ✓
[1300/2564] Ludique      · Pipo Mvcvm … ✓
[1301/2564] Ludique      · Pizi Mvc … ✓
[1302/2564] Ludique      · Pizzicata Juv … ✓
[1303/2564] Ludique      · Pizzicata Juv   Version Soft … ✓
[1304/2564] Ludique      · Plutot Dvc … ✓
[1305/2564] Ludique      · Poppy Dvc … ✓
[1306/2564] Ludique      · Pourquoi Dvc … ✓
[1307/2564] Ludique      · Quickly Dvc … ✓
[1308/2564] Ludique      · Respirato Mvcvm … ✓
[1309/2564] Ludique      · Rondo Pop Msvc … ✓
[1310/2564] Ludique      · Rvmr Enfantin … ✓
[1311/2564] Ludique      · Rypo Mvc … ✓
[1312/2564] Ludique      · Sandolita Mvcvm … ✓
[1313/2564] Ludique      · Sapo Mvcvm … ✓
[1314/2564] Ludique      · Sedh Mvc … ✓
[1315/2564] Ludique      · Seguire Mvcvm … ✓
[1316/2564] Ludique      · Simple Et Touchy … ✓
[1317/2564] Ludique      · Simple Torch … ✓
[1318/2564] Ludique      · Siti Mvc … ✓
[1319/2564] Ludique      · Smile Mvcvm … ✓
[1320/2564] Ludique      · Spigolattacco Mvcvm … ✓
[1321/2564] Ludique      · Spooky Funny No Percus Rvmr … ✓
[1322/2564] Ludique      · Spooky Funny Rvmr … ✓
[1323/2564] Ludique      · Stytz Mvc … ✓
[1324/2564] Ludique      · Switch Dvc … ✓
[1325/2564] Ludique      · Tassi Mvcvm … ✓
[1326/2564] Ludique      · The Mouse With Sun Glasses Rvmr … ✓
[1327/2564] Ludique      · Titto Mvcvm … ✓
[1328/2564] Ludique      · Totelitino Mvcvm … ✓
[1329/2564] Ludique      · Two Of Us Dvc … ✓
[1330/2564] Ludique      · Virgulation Dvc … ✓
[1331/2564] Ludique      · Virgulax Dvc … ✓
[1332/2564] Ludique      · Virgulette Dvc … ✓
[1333/2564] Ludique      · Virgulite Dvc … ✓
[1334/2564] Ludique      · Vlys Mvc … ✓
[1335/2564] Ludique      · Yppah Mvc … ✓
[1336/2564] Ludique      · Zipe Mvc … ✓
[1337/2564] Ludique      · Zipi Mvc … ✓
[1338/2564] Mélancolie   · Clean Cut Rvmr … ✓
[1339/2564] Mélancolie   · Hard Thinking Rvmr … ✓
[1340/2564] Mélancolie   · Moody Nylon Rvmr … ✓
[1341/2564] Mélancolie   · Neutral Balance … ✓
[1342/2564] Mélancolie   · Smooth Day … ✓
[1343/2564] Mélancolie   · Swiss Border Rvmr … ✓
[1344/2564] Neutre Positif · Ba Marim Rvmr … ✓
[1345/2564] Neutre Positif · Bias Towards … ✓
[1346/2564] Neutre Positif · Collective Melody Rvmr … ✓
[1347/2564] Neutre Positif · Enjoy The Day … ✓
[1348/2564] Neutre Positif · Happy Steel Rvmr … ✓
[1349/2564] Neutre Positif · Inquisitive … ✓
[1350/2564] Neutre Positif · Inspiring Wave … ✓
[1351/2564] Neutre Positif · Mode White Rvmr … ✓
[1352/2564] Neutre Positif · New Trail Rvmr … ✓
[1353/2564] Neutre Positif · Newlook Rvmr … ✓
[1354/2564] Neutre Positif · Outer Grin Rvmr … ✓
[1355/2564] Neutre Positif · Snow Joy Rvmr … ✓
[1356/2564] Orchestral   · Adventure Land Dvc … ✓
[1357/2564] Orchestral   · All In Rvmr … ✓
[1358/2564] Orchestral   · Bangkok Alone Dvc … ✓
[1359/2564] Orchestral   · Baseto Vcm … ✓
[1360/2564] Orchestral   · Boss Of Sand Dvc … ✓
[1361/2564] Orchestral   · Catcher Dvc … ✓
[1362/2564] Orchestral   · Classic Beat Rvmr … ✓
[1363/2564] Orchestral   · Classicol Juv … ✓
[1364/2564] Orchestral   · Climat Peplum Juv … ✓
[1365/2564] Orchestral   · Daka Dvc … ✓
[1366/2564] Orchestral   · Dano Mvcvm … ✓
[1367/2564] Orchestral   · Dawn Of Apocalypse Msvc … ✓
[1368/2564] Orchestral   · Dingos Rvmr … ✓
[1369/2564] Orchestral   · Dont Fuck Teeth Dvc … ✓
[1370/2564] Orchestral   · Empire Of The Night Msvc … ✓
[1371/2564] Orchestral   · Epeq Mvc … ✓
[1372/2564] Orchestral   · Epiq Mvc … ✓
[1373/2564] Orchestral   · Epoq Mvc … ✓
[1374/2564] Orchestral   · Evidence Juv … ✓
[1375/2564] Orchestral   · Exprezzo Mvcvm   Full Version … ✓
[1376/2564] Orchestral   · Exprezzo Mvcvm   Short Version … ✓
[1377/2564] Orchestral   · Falers Mvcvm … ✓
[1378/2564] Orchestral   · Fight Club Dvc … ✓
[1379/2564] Orchestral   · Final Round Arv … ✓
[1380/2564] Orchestral   · Flipp Dvc … ✓
[1381/2564] Orchestral   · Get Ready Rvmr … ✓
[1382/2564] Orchestral   · Gold Medal Rvmr … ✓
[1383/2564] Orchestral   · Good Mvcvm   Full Version … ✓
[1384/2564] Orchestral   · Good Mvcvm   Nappe … ✓
[1385/2564] Orchestral   · Good Mvcvm   Rithmic Version … ✓
[1386/2564] Orchestral   · Gun Powder Horns Only Rvmr … ✓
[1387/2564] Orchestral   · Gun Powder Piano And Rhodes Only Rvmr … ✓
[1388/2564] Orchestral   · Gun Powder Rvmr … ✓
[1389/2564] Orchestral   · Gun Powder Strings And Synth Basse Rvmr … ✓
[1390/2564] Orchestral   · Hurt No More Only Horns Only Rvmr … ✓
[1391/2564] Orchestral   · Hurt No More Perc And Motif Only Rvmr … ✓
[1392/2564] Orchestral   · Hurt No More Rvmr … ✓
[1393/2564] Orchestral   · Hurt No More Synth And Basse Only Rvmr … ✓
[1394/2564] Orchestral   · James Band Dvc … ✓
[1395/2564] Orchestral   · Jojobar Dvc … ✓
[1396/2564] Orchestral   · Jugol Mvcvm   Full Version … ✓
[1397/2564] Orchestral   · Jugol Mvcvm   Rithmic Version … ✓
[1398/2564] Orchestral   · Kargo Mvcvm   Full Version … ✓
[1399/2564] Orchestral   · Kargo Mvcvm   No Orchestra … ✓
[1400/2564] Orchestral   · Kargo Mvcvm   No Orchestra No Theme … ✓
[1401/2564] Orchestral   · Kingdom Juv … ✓
[1402/2564] Orchestral   · Kits Mvcvm   Full Version … ✓
[1403/2564] Orchestral   · Kits Mvcvm   Rithmic Version … ✓
[1404/2564] Orchestral   · La Nymphe Rvmr … ✓
[1405/2564] Orchestral   · Magia Vcm … ✓
[1406/2564] Orchestral   · Mani Mvcvm … ✓
[1407/2564] Orchestral   · Mani Mvcvm   Rithmic Version … ✓
[1408/2564] Orchestral   · Menace Dvc … ✓
[1409/2564] Orchestral   · Midbar Dvc … ✓
[1410/2564] Orchestral   · Misrone Dvc … ✓
[1411/2564] Orchestral   · Mom A0906 01 Sweet Avs … ✓
[1412/2564] Orchestral   · Moon Mvcvm … ✓
[1413/2564] Orchestral   · My Name Is Dvc … ✓
[1414/2564] Orchestral   · Namyn Mvc … ✓
[1415/2564] Orchestral   · Ocean Light Msvc … ✓
[1416/2564] Orchestral   · Positive Dingos Rvmr … ✓
[1417/2564] Orchestral   · Puppet Mvcvm   Full Version … ✓
[1418/2564] Orchestral   · Puppet Mvcvm   Rithmic Version … ✓
[1419/2564] Orchestral   · Puppet Mvcvm   Solo Piano … ✓
[1420/2564] Orchestral   · Puzza Mvcvm … ✓
[1421/2564] Orchestral   · Questo Mvcvm … ✓
[1422/2564] Orchestral   · Read My Eyes Rvmr … ✓
[1423/2564] Orchestral   · Sales Mvcvm   Full Version … ✓
[1424/2564] Orchestral   · Sales Mvcvm   Rithmic Version … ✓
[1425/2564] Orchestral   · Sales Mvcvm   String Version … ✓
[1426/2564] Orchestral   · Sanna Mvcvm … ✓
[1427/2564] Orchestral   · Sena Msvc … ✓
[1428/2564] Orchestral   · Shavoua Dvc … ✓
[1429/2564] Orchestral   · Sombri Mvcvm   Full Version … ✓
[1430/2564] Orchestral   · Sombri Mvcvm   Rithmic Version … ✓
[1431/2564] Orchestral   · Sophar Mvcvm   Full Version … ✓
[1432/2564] Orchestral   · Sophar Mvcvm   Rithmic Version … ✓
[1433/2564] Orchestral   · Stica Mvcvm … ✓
[1434/2564] Orchestral   · Stone Et Sharon Arv … ✓
[1435/2564] Orchestral   · Stormclear Rvmr … ✓
[1436/2564] Orchestral   · Stormrise Rvmr … ✓
[1437/2564] Orchestral   · Sugar Blast Arv … ✓
[1438/2564] Orchestral   · Tatoo Dvc … ✓
[1439/2564] Orchestral   · Technological Attacks Msvc … ✓
[1440/2564] Orchestral   · Technological Attacks Msvc   Version Dub Step … ✓
[1441/2564] Orchestral   · The Brave Gardener Mvcvm … ✓
[1442/2564] Orchestral   · The Brave Gardener Mvcvm   Light Rythmic … ✓
[1443/2564] Orchestral   · The Brave Gardener Mvcvm   Nappe Version … ✓
[1444/2564] Orchestral   · The Brave Gardener Mvcvm   No Piano Theme … ✓
[1445/2564] Orchestral   · Toutime Dvc … ✓
[1446/2564] Orchestral   · Toxic U Rvmr … ✓
[1447/2564] Orchestral   · Tremble Dvc … ✓
[1448/2564] Orchestral   · Tristoune Dvc … ✓
[1449/2564] Orchestral   · Trucks Mvcvm … ✓
[1450/2564] Orchestral   · Vade Retro Rvmr … ✓
[1451/2564] Orchestral   · Violent Violons Juv … ✓
[1452/2564] Orchestral   · Weird Sensation Juv … ✓
[1453/2564] Orchestral   · World Collapse Msvc … ✓
[1454/2564] Orchestral   · Zed Mvcvm … ✓
[1455/2564] Paname       · Accordeon Nous Dvc … ✓
[1456/2564] Paname       · Basstringue Juv … ✓
[1457/2564] Paname       · Jazz Swing Juv … ✓
[1458/2564] Paname       · Luosev Mvc … ✓
[1459/2564] Paname       · Nof Dvc … ✓
[1460/2564] Paname       · Paname Pigalle Dvc … ✓
[1461/2564] Paname       · Paname Pigalle Dvc   Version Vintage Mono … ✓
[1462/2564] Paname       · Rioplatense Juv … ✓
[1463/2564] Paname       · Rypo Mvc … ✓
[1464/2564] Paname       · Upsir Mvc … ✓
[1465/2564] Paname       · Valsextera Juv … ✓
[1466/2564] Paname       · Virson Msvc … ✓
[1467/2564] Paranormal   · Against The Clock … ✓
[1468/2564] Paranormal   · Aidenap Mvcvm … ✓
[1469/2564] Paranormal   · Aligne … ✓
[1470/2564] Paranormal   · Astronauts … ✓
[1471/2564] Paranormal   · Astronuts … ✓
[1472/2564] Paranormal   · Atmospheric View … ✓
[1473/2564] Paranormal   · Awkward … ✓
[1474/2564] Paranormal   · Babacar Mvcvm … ✓
[1475/2564] Paranormal   · Babacar Mvcvm   No Theme Version … ✓
[1476/2564] Paranormal   · Bassmatie Juv … ✓
[1477/2564] Paranormal   · Berlin Blue Rvmr … ✓
[1478/2564] Paranormal   · Black Drop Rvmr … ✓
[1479/2564] Paranormal   · Blank Rvmr … ✓
[1480/2564] Paranormal   · Bonda Mvcvm … ✓
[1481/2564] Paranormal   · Booms Mvcvm … ✓
[1482/2564] Paranormal   · Border Arrest Rvmr … ✓
[1483/2564] Paranormal   · Broken Nails Rvmr … ✓
[1484/2564] Paranormal   · Catalano Story … ✓
[1485/2564] Paranormal   · Chipper Mvcvm … ✓
[1486/2564] Paranormal   · Cold War Code Rvmr Drum Evolutive … ✓
[1487/2564] Paranormal   · Cold War Code Rvmr Percussive Harmo Only … ✓
[1488/2564] Paranormal   · Cold War Code Rvmr Theme Rythm Only … ✓
[1489/2564] Paranormal   · Cosminap Mvcvm … ✓
[1490/2564] Paranormal   · Creepy Else Rvmr … ✓
[1491/2564] Paranormal   · Creepy One Rvmr … ✓
[1492/2564] Paranormal   · Dammartin Project … ✓
[1493/2564] Paranormal   · Desillusion … ✓
[1494/2564] Paranormal   · Diamondino Mvcvm … ✓
[1495/2564] Paranormal   · Dubbo Mvcvm … ✓
[1496/2564] Paranormal   · Elgiorno Mvcvm   Full Version … ✓
[1497/2564] Paranormal   · Elgiorno Mvcvm   Light Version … ✓
[1498/2564] Paranormal   · En Ligne … ✓
[1499/2564] Paranormal   · Epaq Mvc … ✓
[1500/2564] Paranormal   · Epoq Mvc … ✓
[1501/2564] Paranormal   · Epuq Mvc … ✓
[1502/2564] Paranormal   · Faint Mvcvm … ✓
[1503/2564] Paranormal   · Fall Down … ✓
[1504/2564] Paranormal   · Fartenap Mvcvm … ✓
[1505/2564] Paranormal   · Flying Bus Mvcvm … ✓
[1506/2564] Paranormal   · Good Mvcvm   Full Version … ✓
[1507/2564] Paranormal   · Good Mvcvm   Nappe … ✓
[1508/2564] Paranormal   · Good Mvcvm   Rithmic Version … ✓
[1509/2564] Paranormal   · Good Nap Rvmr … ✓
[1510/2564] Paranormal   · Horse Power Rvmr … ✓
[1511/2564] Paranormal   · Ignoring The Truth Rvmr … ✓
[1512/2564] Paranormal   · Ind Tabac Martinez … ✓
[1513/2564] Paranormal   · Ind Tabac Martinez Drum And Basse … ✓
[1514/2564] Paranormal   · Ind Tabac Martinez Keys Basse And Sample … ✓
[1515/2564] Paranormal   · Looking For Charles … ✓
[1516/2564] Paranormal   · Mom A0906 04 Hollywood Avs … ✓
[1517/2564] Paranormal   · Mom A0906 05 Pink Avs … ✓
[1518/2564] Paranormal   · Money Time Arv … ✓
[1519/2564] Paranormal   · Muture Juv … ✓
[1520/2564] Paranormal   · Odriw Mvc … ✓
[1521/2564] Paranormal   · On The Line … ✓
[1522/2564] Paranormal   · Oriental Beat Voices Juv … ✓
[1523/2564] Paranormal   · Potonap Mvcvm … ✓
[1524/2564] Paranormal   · Programma Mvcvm   Full Version … ✓
[1525/2564] Paranormal   · Reason Mvcvm … ✓
[1526/2564] Paranormal   · Sad Place Rvmr … ✓
[1527/2564] Paranormal   · Savane Mvcvm … ✓
[1528/2564] Paranormal   · Scar Mvc … ✓
[1529/2564] Paranormal   · Scer Mvc … ✓
[1530/2564] Paranormal   · Scir Mvc … ✓
[1531/2564] Paranormal   · Scoop Digger … ✓
[1532/2564] Paranormal   · Scoop Digger No Rythm … ✓
[1533/2564] Paranormal   · Scoop Digger Rythm Section … ✓
[1534/2564] Paranormal   · Scor Mvc … ✓
[1535/2564] Paranormal   · Scur Mvc … ✓
[1536/2564] Paranormal   · Sekko Mvcvm   Full Version … ✓
[1537/2564] Paranormal   · Sekko Mvcvm   Light Version … ✓
[1538/2564] Paranormal   · Selhad Vv … ✓
[1539/2564] Paranormal   · Sinbralli Mvcvm … ✓
[1540/2564] Paranormal   · Slam Shot Rvmr … ✓
[1541/2564] Paranormal   · Space Piano … ✓
[1542/2564] Paranormal   · Splinter Tears Rvmr … ✓
[1543/2564] Paranormal   · Stetonap Mvcvm … ✓
[1544/2564] Paranormal   · Strange Bubbles … ✓
[1545/2564] Paranormal   · Strange Bubbles Keys Only … ✓
[1546/2564] Paranormal   · Strange Bubbles No Keys … ✓
[1547/2564] Paranormal   · Strange Reply Rvmr … ✓
[1548/2564] Paranormal   · Strange Reply Rvmr Roman Chelminski … ✓
[1549/2564] Paranormal   · Stressing Line Juv … ✓
[1550/2564] Paranormal   · Tension Latente … ✓
[1551/2564] Paranormal   · The Assault … ✓
[1552/2564] Paranormal   · The Rumor Of Rvmr … ✓
[1553/2564] Paranormal   · The Sound Of Air Rvmr … ✓
[1554/2564] Paranormal   · Through The Sky … ✓
[1555/2564] Paranormal   · Tic Toc … ✓
[1556/2564] Paranormal   · Tropenatilo Mvcvm … ✓
[1557/2564] Paranormal   · Tuesday Mvcvm … ✓
[1558/2564] Paranormal   · Unbearable Juv … ✓
[1559/2564] Paranormal   · Unstoppable … ✓
[1560/2564] Paranormal   · Vinyle Forever … ✓
[1561/2564] Paranormal   · Vinyle Forever Ambiant … ✓
[1562/2564] Paranormal   · Voices In The Clouds Rvmr … ✓
[1563/2564] Paranormal   · Walk To The Cliff Rvmr … ✓
[1564/2564] Paranormal   · Whales Dancing Rvmr … ✓
[1565/2564] Paranormal   · Wonderful Dream Msvc … ✓
[1566/2564] Piano        · Acting Rvmr … ✓
[1567/2564] Piano        · Anohi Dvc … ✓
[1568/2564] Piano        · Apenou Mvc … ✓
[1569/2564] Piano        · Assani Mvc … ✓
[1570/2564] Piano        · Atsouva Dvc … ✓
[1571/2564] Piano        · Bad Run Rvmr … ✓
[1572/2564] Piano        · Bassar Mvc … ✓
[1573/2564] Piano        · Beteavon Mvc … ✓
[1574/2564] Piano        · Blank Rvmr … ✓
[1575/2564] Piano        · Blue Flower No Violons Rvmr … ✓
[1576/2564] Piano        · Blue Flower Rvmr … ✓
[1577/2564] Piano        · Bluelight Mvcvm … ✓
[1578/2564] Piano        · Busto Rvmr … ✓
[1579/2564] Piano        · Candlelight Msvc … ✓
[1580/2564] Piano        · Carubbio Mvcvm … ✓
[1581/2564] Piano        · Chevalier Des Ombres Juv … ✓
[1582/2564] Piano        · Danish Lullaby Rvmr … ✓
[1583/2564] Piano        · Desato Mvcvm … ✓
[1584/2564] Piano        · Drive Home Rvmr … ✓
[1585/2564] Piano        · Dubai Housewiwes … ✓
[1586/2564] Piano        · Dubai Housewiwes Piano And Harp Only … ✓
[1587/2564] Piano        · Dubai Housewiwes Stings And Pizz Only … ✓
[1588/2564] Piano        · Eitas Mvc … ✓
[1589/2564] Piano        · Fador Mvcvm … ✓
[1590/2564] Piano        · Girl At The Museum Msvc … ✓
[1591/2564] Piano        · Good Morning Msvc … ✓
[1592/2564] Piano        · Great Job Only Piano Rvmr … ✓
[1593/2564] Piano        · Happy Piano Rvmr … ✓
[1594/2564] Piano        · Homa Dvc … ✓
[1595/2564] Piano        · Homeless Mvcvm … ✓
[1596/2564] Piano        · Horma Dvc … ✓
[1597/2564] Piano        · Iseta Mvc … ✓
[1598/2564] Piano        · Itase Mvc … ✓
[1599/2564] Piano        · Khol Mvc … ✓
[1600/2564] Piano        · Last Rose Rvmr … ✓
[1601/2564] Piano        · Letfi Mvc … ✓
[1602/2564] Piano        · London Rvmr … ✓
[1603/2564] Piano        · Lordo Vcm … ✓
[1604/2564] Piano        · Lovely Home Msvc … ✓
[1605/2564] Piano        · Lumeat Mvcvm … ✓
[1606/2564] Piano        · Lumeat Mvcvm   V2 … ✓
[1607/2564] Piano        · Lumeat Mvcvm   V3 … ✓
[1608/2564] Piano        · Maskilon Mvc … ✓
[1609/2564] Piano        · Meet The World Msvc … ✓
[1610/2564] Piano        · Melekh Mvc … ✓
[1611/2564] Piano        · Midine Mvc … ✓
[1612/2564] Piano        · Milog Mvc … ✓
[1613/2564] Piano        · Mom A0906 01 Sweet Avs … ✓
[1614/2564] Piano        · Mom A0919 01 Bn Avs … ✓
[1615/2564] Piano        · Mom A0919 04 Poga Avs … ✓
[1616/2564] Piano        · Mom A0919 05 Ugg Avs … ✓
[1617/2564] Piano        · Mowa Mvc … ✓
[1618/2564] Piano        · Nof Dvc … ✓
[1619/2564] Piano        · Nouma Mvc … ✓
[1620/2564] Piano        · Oiggivala Mvcvm … ✓
[1621/2564] Piano        · Ola Que Tal Rvmr … ✓
[1622/2564] Piano        · Ouat Mvc … ✓
[1623/2564] Piano        · Oumiba Mvc … ✓
[1624/2564] Piano        · Ovni Tender Rvmr … ✓
[1625/2564] Piano        · Oznaime Dvc … ✓
[1626/2564] Piano        · Pianisme Juv … ✓
[1627/2564] Piano        · Pianistic Creative Dementia Msvc … ✓
[1628/2564] Piano        · Piano Sotto Msvc … ✓
[1629/2564] Piano        · Robot Smile No Drums Rvmr … ✓
[1630/2564] Piano        · Robot Smile Rvmr … ✓
[1631/2564] Piano        · Roenou Mvc … ✓
[1632/2564] Piano        · Rvmr La Mineur … ✓
[1633/2564] Piano        · Sabine Piano Only Rvmr … ✓
[1634/2564] Piano        · Sad Journey Msvc … ✓
[1635/2564] Piano        · Samuelsen Rv … ✓
[1636/2564] Piano        · Sarabande Msvc … ✓
[1637/2564] Piano        · Satyre Msvc … ✓
[1638/2564] Piano        · Satyre Msvc   Version Piano … ✓
[1639/2564] Piano        · Seeking The Truth … ✓
[1640/2564] Piano        · Sephirot Dvc … ✓
[1641/2564] Piano        · Shake My Hand No Percus Rvmr … ✓
[1642/2564] Piano        · Shake My Hand Rvmr … ✓
[1643/2564] Piano        · She Is The One Msvc … ✓
[1644/2564] Piano        · Sieta Mvc … ✓
[1645/2564] Piano        · Siti Mvc … ✓
[1646/2564] Piano        · Smart Decision Msvc … ✓
[1647/2564] Piano        · So Far From Dublin Rvmr … ✓
[1648/2564] Piano        · Something Strong … ✓
[1649/2564] Piano        · Straight Up Rvmr … ✓
[1650/2564] Piano        · The Distance Rvmr … ✓
[1651/2564] Piano        · The Letters … ✓
[1652/2564] Piano        · Tiesa Mvc … ✓
[1653/2564] Piano        · Toda Mvc … ✓
[1654/2564] Piano        · Uihil Mvc … ✓
[1655/2564] Piano        · Underskin Mvcvm … ✓
[1656/2564] Piano        · Upsir Mvc … ✓
[1657/2564] Piano        · Utlav Mvc … ✓
[1658/2564] Piano        · Velom Mvc … ✓
[1659/2564] Piano        · Vetar Mvc … ✓
[1660/2564] Piano        · Vilankulo Msvc … ✓
[1661/2564] Piano        · Wake Up Now Juv … ✓
[1662/2564] Piano        · Warm Night Msvc … ✓
[1663/2564] Piano        · Yoga Project Vv … ✓
[1664/2564] Piano        · Zefrottito Mvcvm … ✓
[1665/2564] Pizzicato    · Bell Ring No Piano Rvmr … ✓
[1666/2564] Pizzicato    · Bell Ring Rvmr … ✓
[1667/2564] Pizzicato    · Blue Flower No Violons Rvmr … ✓
[1668/2564] Pizzicato    · Blue Flower Rvmr … ✓
[1669/2564] Pizzicato    · Care Meat La Grenouille Rvmr … ✓
[1670/2564] Pizzicato    · Casa Mvcvm … ✓
[1671/2564] Pizzicato    · Chateau Lavanda … ✓
[1672/2564] Pizzicato    · Curly Wig Rvmr … ✓
[1673/2564] Pizzicato    · Dano Mvcvm … ✓
[1674/2564] Pizzicato    · Delphino Rvmr … ✓
[1675/2564] Pizzicato    · Dries Mvcvm … ✓
[1676/2564] Pizzicato    · Drive Home Rvmr … ✓
[1677/2564] Pizzicato    · En Ligne … ✓
[1678/2564] Pizzicato    · Eprah Mvc … ✓
[1679/2564] Pizzicato    · Fat Blue Rvmr … ✓
[1680/2564] Pizzicato    · Fat Blue Voices Rvmr … ✓
[1681/2564] Pizzicato    · Flower Seed Pizz Only Rvmr … ✓
[1682/2564] Pizzicato    · Flower Seed Rvmr … ✓
[1683/2564] Pizzicato    · Funny Eddy Pizz Only Rvmr … ✓
[1684/2564] Pizzicato    · Funny Eddy Rvmr … ✓
[1685/2564] Pizzicato    · Gocycling Rvmr … ✓
[1686/2564] Pizzicato    · Great Job No Drums Rvmr … ✓
[1687/2564] Pizzicato    · Great Job No Horns Rvmr … ✓
[1688/2564] Pizzicato    · Great Job Pizzicato Rvmr … ✓
[1689/2564] Pizzicato    · Great Job Rvmr … ✓
[1690/2564] Pizzicato    · Hityo Mvc … ✓
[1691/2564] Pizzicato    · Hug Me If You Dare Rvmr … ✓
[1692/2564] Pizzicato    · Hug Me If You Wish Rvmr … ✓
[1693/2564] Pizzicato    · Ind Tabac Pizzicato … ✓
[1694/2564] Pizzicato    · Ind Tabac Pizzicato Glock And Flute … ✓
[1695/2564] Pizzicato    · Ind Tabac Pizzicato Low Strings Only … ✓
[1696/2564] Pizzicato    · Ind Tabac Pizzicato Pizz Only … ✓
[1697/2564] Pizzicato    · Jumps Mvcvm … ✓
[1698/2564] Pizzicato    · La Tour De Pizz And String Rvmr … ✓
[1699/2564] Pizzicato    · La Tour De Pizz Piano And String Rvmr … ✓
[1700/2564] Pizzicato    · La Tour De Pizz Rvmr … ✓
[1701/2564] Pizzicato    · Last Rose Rvmr … ✓
[1702/2564] Pizzicato    · Laughs In Vienna Rvmr … ✓
[1703/2564] Pizzicato    · Legendes And Meats Rvmr … ✓
[1704/2564] Pizzicato    · Less Mvcvm … ✓
[1705/2564] Pizzicato    · Math Test No Drums Rvmr … ✓
[1706/2564] Pizzicato    · Math Test Rvmr … ✓
[1707/2564] Pizzicato    · Meat Me Rvmr … ✓
[1708/2564] Pizzicato    · Mice Mvcvm … ✓
[1709/2564] Pizzicato    · Misrone Dvc … ✓
[1710/2564] Pizzicato    · Newest … ✓
[1711/2564] Pizzicato    · Newest Full String Solo … ✓
[1712/2564] Pizzicato    · Newest No Pizz … ✓
[1713/2564] Pizzicato    · Newest Pizz Solo … ✓
[1714/2564] Pizzicato    · Nord Ouest … ✓
[1715/2564] Pizzicato    · Normanole Mvcvm … ✓
[1716/2564] Pizzicato    · Palma … ✓
[1717/2564] Pizzicato    · Pata Mvc … ✓
[1718/2564] Pizzicato    · Phantom Mvcvm … ✓
[1719/2564] Pizzicato    · Piza Mvc … ✓
[1720/2564] Pizzicato    · Pize Mvc … ✓
[1721/2564] Pizzicato    · Pizi Mvc … ✓
[1722/2564] Pizzicato    · Pizo Mvc … ✓
[1723/2564] Pizzicato    · Pizu Mvc … ✓
[1724/2564] Pizzicato    · Pizza Night Romy Piano Only Rvmr … ✓
[1725/2564] Pizzicato    · Pizza Night Romy Pizzicato Only Rvmr … ✓
[1726/2564] Pizzicato    · Pizza Night Romy Rvmr … ✓
[1727/2564] Pizzicato    · Pizzane Piano And Celesta Rvmr … ✓
[1728/2564] Pizzicato    · Pizzane Pizz Only Rvmr … ✓
[1729/2564] Pizzicato    · Pizzane Rvmr … ✓
[1730/2564] Pizzicato    · Pizzicata Juv … ✓
[1731/2564] Pizzicato    · Pizzicata Juv   Version Soft … ✓
[1732/2564] Pizzicato    · Pizzishow Rvmr … ✓
[1733/2564] Pizzicato    · Pizzitkky Juv … ✓
[1734/2564] Pizzicato    · Puzza Mvcvm … ✓
[1735/2564] Pizzicato    · Rainbow Fish Pizz Only Rvmr … ✓
[1736/2564] Pizzicato    · Rainbow Fish Rvmr … ✓
[1737/2564] Pizzicato    · Road Fun Rvmr … ✓
[1738/2564] Pizzicato    · Rypo Mvc … ✓
[1739/2564] Pizzicato    · Sanna Mvcvm … ✓
[1740/2564] Pizzicato    · Sapo Mvcvm … ✓
[1741/2564] Pizzicato    · School Memories Rvmr … ✓
[1742/2564] Pizzicato    · Sedh Mvc … ✓
[1743/2564] Pizzicato    · Selof Mvc … ✓
[1744/2564] Pizzicato    · Small Mvcvm … ✓
[1745/2564] Pizzicato    · Smile Mvcvm … ✓
[1746/2564] Pizzicato    · Spies Mvcvm … ✓
[1747/2564] Pizzicato    · Struck Mvcvm … ✓
[1748/2564] Pizzicato    · Sunday Brunch Rvmr … ✓
[1749/2564] Pizzicato    · Tassi Mvcvm … ✓
[1750/2564] Pizzicato    · Tea Time Rvmr … ✓
[1751/2564] Pizzicato    · Tip Toe Rvmr … ✓
[1752/2564] Pizzicato    · Tohot Mvc … ✓
[1753/2564] Pizzicato    · Upcycling Rvmr … ✓
[1754/2564] Pizzicato    · Vade Retro Rvmr … ✓
[1755/2564] Pizzicato    · Wedding Planner Msvc … ✓
[1756/2564] Pizzicato    · Yppah Mvc … ✓
[1757/2564] Pizzicato    · Zed Mvcvm … ✓
[1758/2564] Pizzicato    · Zipa Mvc … ✓
[1759/2564] Pizzicato    · Zipe Mvc … ✓
[1760/2564] Pizzicato    · Zipi Mvc … ✓
[1761/2564] Pizzicato    · Zipo Mvc … ✓
[1762/2564] Pizzicato    · Zipu Mvc … ✓
[1763/2564] Pop Acoustique · Acoustic Chilling Juv … ✓
[1764/2564] Pop Acoustique · Against The Clock … ✓
[1765/2564] Pop Acoustique · Andre Rvmr … ✓
[1766/2564] Pop Acoustique · Arpeggia Folk Juv … ✓
[1767/2564] Pop Acoustique · Azzurro Mvcvm … ✓
[1768/2564] Pop Acoustique · Baby Bounce Rvmr … ✓
[1769/2564] Pop Acoustique · Babyl Rvmr … ✓
[1770/2564] Pop Acoustique · Babyl Rvmr Drum And Percs Only … ✓
[1771/2564] Pop Acoustique · Babyl Rvmr Piano Theme … ✓
[1772/2564] Pop Acoustique · Back Pack Rvmr … ✓
[1773/2564] Pop Acoustique · Basic Roots Juv … ✓
[1774/2564] Pop Acoustique · Basic Roots Juv   Acoustic Sans Slide … ✓
[1775/2564] Pop Acoustique · Basic Roots Juv   Sans Slide … ✓
[1776/2564] Pop Acoustique · Big Head Rvmr … ✓
[1777/2564] Pop Acoustique · Black Camilia Rvmr … ✓
[1778/2564] Pop Acoustique · Bling Shopping … ✓
[1779/2564] Pop Acoustique · Bubble Rvmr … ✓
[1780/2564] Pop Acoustique · Bullet Hunt Rvmr … ✓
[1781/2564] Pop Acoustique · Campione Arv … ✓
[1782/2564] Pop Acoustique · Cayeux Rvmr … ✓
[1783/2564] Pop Acoustique · Centaporti Mvcvm … ✓
[1784/2564] Pop Acoustique · Cicledica Mvcvm   Full Version … ✓
[1785/2564] Pop Acoustique · Cicledica Mvcvm   Full Version Guitar Only … ✓
[1786/2564] Pop Acoustique · Cicledica Mvcvm   Short Version … ✓
[1787/2564] Pop Acoustique · Cicledica Mvcvm   Short Version V2 … ✓
[1788/2564] Pop Acoustique · Consecration … ✓
[1789/2564] Pop Acoustique · Crying Georges … ✓
[1790/2564] Pop Acoustique · Cycling Rvmr … ✓
[1791/2564] Pop Acoustique · Deowole Mvcvm … ✓
[1792/2564] Pop Acoustique · Drop Off Rvmr … ✓
[1793/2564] Pop Acoustique · Dubai Housewiwes … ✓
[1794/2564] Pop Acoustique · Dubai Housewiwes Piano And Harp Only … ✓
[1795/2564] Pop Acoustique · Dubai Housewiwes Stings And Pizz Only … ✓
[1796/2564] Pop Acoustique · Emoji Rvmr … ✓
[1797/2564] Pop Acoustique · En Haut Rvmr … ✓
[1798/2564] Pop Acoustique · Express Yourself Msvc … ✓
[1799/2564] Pop Acoustique · Finnet Mvcvm … ✓
[1800/2564] Pop Acoustique · Finnez Mvcvm … ✓
[1801/2564] Pop Acoustique · Finno Mvcvm … ✓
[1802/2564] Pop Acoustique · Finnuzzo Mvcvm … ✓
[1803/2564] Pop Acoustique · Fly In The Motor … ✓
[1804/2564] Pop Acoustique · Fly In The Motor Only Percs … ✓
[1805/2564] Pop Acoustique · Fly In The Motor Piano Only … ✓
[1806/2564] Pop Acoustique · Foxy Rvmr … ✓
[1807/2564] Pop Acoustique · Front Train Rvmr … ✓
[1808/2564] Pop Acoustique · Gold Medal Rvmr … ✓
[1809/2564] Pop Acoustique · Homework Rvmr … ✓
[1810/2564] Pop Acoustique · Im Next And Bad No Strings No Horns Rvmr … ✓
[1811/2564] Pop Acoustique · Im Next And Bad Rvmr … ✓
[1812/2564] Pop Acoustique · Im Next Rvmr … ✓
[1813/2564] Pop Acoustique · In The Zone … ✓
[1814/2564] Pop Acoustique · Irlandaisium Juv … ✓
[1815/2564] Pop Acoustique · Ken Dvc … ✓
[1816/2564] Pop Acoustique · La Marelle … ✓
[1817/2564] Pop Acoustique · Lighter Dvc … ✓
[1818/2564] Pop Acoustique · Listen Carefully Mvcvm … ✓
[1819/2564] Pop Acoustique · Manaralita Mvcvm … ✓
[1820/2564] Pop Acoustique · Mat Drop Rvmr … ✓
[1821/2564] Pop Acoustique · Nostalgie … ✓
[1822/2564] Pop Acoustique · Nostalgie No Rythm … ✓
[1823/2564] Pop Acoustique · Nostalgie Rythm Section … ✓
[1824/2564] Pop Acoustique · Olawa Mvcvm … ✓
[1825/2564] Pop Acoustique · Ottobiruto Mvcvm … ✓
[1826/2564] Pop Acoustique · Pata Mvc … ✓
[1827/2564] Pop Acoustique · Private Road Rvmr … ✓
[1828/2564] Pop Acoustique · Professor Groove Rvmr … ✓
[1829/2564] Pop Acoustique · Queen Saturday Mvcvm … ✓
[1830/2564] Pop Acoustique · Quite Like Me Mvcvm … ✓
[1831/2564] Pop Acoustique · Renaissance … ✓
[1832/2564] Pop Acoustique · Romi Mvcvm … ✓
[1833/2564] Pop Acoustique · Runnin On A Blade Rvmr … ✓
[1834/2564] Pop Acoustique · Rvmr La Mineur … ✓
[1835/2564] Pop Acoustique · Sab Rvmr … ✓
[1836/2564] Pop Acoustique · Science Project Rvmr … ✓
[1837/2564] Pop Acoustique · Shout Off Rvmr … ✓
[1838/2564] Pop Acoustique · Slam Shot Rvmr … ✓
[1839/2564] Pop Acoustique · Something Strong … ✓
[1840/2564] Pop Acoustique · Stormrise Rvmr … ✓
[1841/2564] Pop Acoustique · Strike For Air No Bass Rvmr … ✓
[1842/2564] Pop Acoustique · Strike For Air Rvmr … ✓
[1843/2564] Pop Acoustique · Strike For Air Synth Only Rvmr … ✓
[1844/2564] Pop Acoustique · Strike For Air Wurlitzer Rvmr … ✓
[1845/2564] Pop Acoustique · Sweet Taco New Rvmr … ✓
[1846/2564] Pop Acoustique · Sweet Taco Rvmr … ✓
[1847/2564] Pop Acoustique · Temps Ennemi … ✓
[1848/2564] Pop Acoustique · Temps Ennemi Underscore … ✓
[1849/2564] Pop Acoustique · The Gardian Rvmr … ✓
[1850/2564] Pop Acoustique · The Smoky Grin Rvmr … ✓
[1851/2564] Pop Acoustique · Tim And Drums Rvmr … ✓
[1852/2564] Pop Acoustique · Totelitino Mvcvm … ✓
[1853/2564] Pop Acoustique · Upcycling Rvmr … ✓
[1854/2564] Pop Acoustique · Watitino Mvcvm … ✓
[1855/2564] Pop Acoustique · Wizzle Dvc … ✓
[1856/2564] Pop Acoustique · Wotre Vcm … ✓
[1857/2564] Reggae       · Big Up Jamaica Wuv … ✓
[1858/2564] Reggae       · Dubby Chalice Wuv … ✓
[1859/2564] Reggae       · Freedom Gunmen Wuv … ✓
[1860/2564] Reggae       · Jah One Drop Wuv … ✓
[1861/2564] Reggae       · Lively Rasta Wuv … ✓
[1862/2564] Reggae       · Mash It Up Wuv … ✓
[1863/2564] Reggae       · Massive Bakra Wuv … ✓
[1864/2564] Reggae       · Morning Skank Wuv … ✓
[1865/2564] Reggae       · Socca Roots Wuv … ✓
[1866/2564] Reggae       · Swing Raggamuffin Wuv … ✓
[1867/2564] Reggae       · Zion Sufferer Wuv … ✓
[1868/2564] Rock         · Adema Bis Msvc … ✓
[1869/2564] Rock         · Alone Gone Mvcvm … ✓
[1870/2564] Rock         · Basic Roots Juv … ✓
[1871/2564] Rock         · Basic Roots Juv   Acoustic Sans Slide … ✓
[1872/2564] Rock         · Basic Roots Juv   Sans Slide … ✓
[1873/2564] Rock         · Berger Rvmr … ✓
[1874/2564] Rock         · Cabron Caviar Rv … ✓
[1875/2564] Rock         · Chahore Dvc … ✓
[1876/2564] Rock         · Chop Suy Msvc … ✓
[1877/2564] Rock         · Chut Dvc … ✓
[1878/2564] Rock         · David Vs Goliath Mvcvm … ✓
[1879/2564] Rock         · David Vs Goliath Mvcvm   Light Rythmic Version … ✓
[1880/2564] Rock         · Dead Weather Msvc … ✓
[1881/2564] Rock         · Digit Mvcvm … ✓
[1882/2564] Rock         · Drive Dvc … ✓
[1883/2564] Rock         · Dumba Mvcvm … ✓
[1884/2564] Rock         · Eddie Van Alien Msvc … ✓
[1885/2564] Rock         · Express Yourself Msvc … ✓
[1886/2564] Rock         · Faggio Mvcvm … ✓
[1887/2564] Rock         · Fink Ployd Juv … ✓
[1888/2564] Rock         · Finnuzzo Mvcvm … ✓
[1889/2564] Rock         · Flodiorina Juv … ✓
[1890/2564] Rock         · Futurock Argentina Msvc … ✓
[1891/2564] Rock         · Impossible Adventure Msvc … ✓
[1892/2564] Rock         · Light Promises Msvc … ✓
[1893/2564] Rock         · Light Promises Msvc   No Drums … ✓
[1894/2564] Rock         · Lost Mvcvm … ✓
[1895/2564] Rock         · Mimmo Mvcvm … ✓
[1896/2564] Rock         · Mughio Mvcvm … ✓
[1897/2564] Rock         · Naccivo Mvcvm … ✓
[1898/2564] Rock         · Nation Off The Riff Msvc … ✓
[1899/2564] Rock         · North Pole Monkey Rvmr … ✓
[1900/2564] Rock         · Perfetto Mvcvm   Full Version … ✓
[1901/2564] Rock         · Perfetto Mvcvm   Rithmic Version … ✓
[1902/2564] Rock         · Pick Up Mvcvm … ✓
[1903/2564] Rock         · Preo Mvcvm   Full Version … ✓
[1904/2564] Rock         · Prodijay Rvmr … ✓
[1905/2564] Rock         · Radio Mvcvm … ✓
[1906/2564] Rock         · Real Green Gone Mvcvm … ✓
[1907/2564] Rock         · Real Green Gone Mvcvm   Rhytmic Version … ✓
[1908/2564] Rock         · Rogue Element Msvc … ✓
[1909/2564] Rock         · Route 69 Rvmr … ✓
[1910/2564] Rock         · Stop Mvcvm … ✓
[1911/2564] Rock         · Surebita Mvcvm … ✓
[1912/2564] Rock         · Tap Dance Rvmr … ✓
[1913/2564] Rock         · Tsmigue Dvc … ✓
[1914/2564] Rock         · Wheel Deal Rvmr … ✓
[1915/2564] Rock         · Yvaeh Mvc … ✓
[1916/2564] Rock         · Yvaeh Mvc   Short Version … ✓
[1917/2564] Rock         · Zakane Dvc … ✓
[1918/2564] Romance      · Aide Mvcvm … ✓
[1919/2564] Romance      · Blank Rvmr … ✓
[1920/2564] Romance      · Bullet Hunt Rvmr … ✓
[1921/2564] Romance      · Campione Arv … ✓
[1922/2564] Romance      · Cane Mvcvm … ✓
[1923/2564] Romance      · Consecration … ✓
[1924/2564] Romance      · Curly Wig Rvmr … ✓
[1925/2564] Romance      · Dancelena Mvcvm … ✓
[1926/2564] Romance      · Deowole Mvcvm … ✓
[1927/2564] Romance      · Dersono Mvcvm … ✓
[1928/2564] Romance      · Dersono Mvcvm   V2 … ✓
[1929/2564] Romance      · Desato Mvcvm … ✓
[1930/2564] Romance      · Desillusion … ✓
[1931/2564] Romance      · Dries Mvcvm … ✓
[1932/2564] Romance      · Emoji Rvmr … ✓
[1933/2564] Romance      · En Haut Rvmr … ✓
[1934/2564] Romance      · Engagement Ring Rvmr … ✓
[1935/2564] Romance      · Final Round Arv … ✓
[1936/2564] Romance      · Finnez Mvcvm … ✓
[1937/2564] Romance      · Fly In The Motor … ✓
[1938/2564] Romance      · Fly In The Motor Only Percs … ✓
[1939/2564] Romance      · Fly In The Motor Piano Only … ✓
[1940/2564] Romance      · Frate Mvcvm … ✓
[1941/2564] Romance      · Giusto Mvcvm   Full Version … ✓
[1942/2564] Romance      · Giusto Mvcvm   Rithmic Version … ✓
[1943/2564] Romance      · Gold Medal Rvmr … ✓
[1944/2564] Romance      · Homeless Mvcvm … ✓
[1945/2564] Romance      · Jumps Mvcvm … ✓
[1946/2564] Romance      · Krakko Mvcvm   Full Version … ✓
[1947/2564] Romance      · Krakko Mvcvm   Nappe … ✓
[1948/2564] Romance      · Krakko Mvcvm   Rithmic Version … ✓
[1949/2564] Romance      · Lartebelo Mvcvm … ✓
[1950/2564] Romance      · Linguine Mvcvm … ✓
[1951/2564] Romance      · Lost Mvcvm … ✓
[1952/2564] Romance      · Lumeat Mvcvm … ✓
[1953/2564] Romance      · Lumeat Mvcvm   V2 … ✓
[1954/2564] Romance      · Lumeat Mvcvm   V3 … ✓
[1955/2564] Romance      · Manaralita Mvcvm … ✓
[1956/2564] Romance      · Mani Mvcvm … ✓
[1957/2564] Romance      · Mani Mvcvm   Rithmic Version … ✓
[1958/2564] Romance      · Mapple Mvcvm … ✓
[1959/2564] Romance      · Math Test No Drums Rvmr … ✓
[1960/2564] Romance      · Math Test Rvmr … ✓
[1961/2564] Romance      · Mice Mvcvm … ✓
[1962/2564] Romance      · Mimmo Mvcvm … ✓
[1963/2564] Romance      · Models Rvmr … ✓
[1964/2564] Romance      · Moon Mvcvm … ✓
[1965/2564] Romance      · Mummia Mvcvm … ✓
[1966/2564] Romance      · Nesoccita Mvcvm … ✓
[1967/2564] Romance      · Nostalgie … ✓
[1968/2564] Romance      · Nostalgie No Rythm … ✓
[1969/2564] Romance      · Nostalgie Rythm Section … ✓
[1970/2564] Romance      · Oiggivala Mvcvm … ✓
[1971/2564] Romance      · Ottobiruto Mvcvm … ✓
[1972/2564] Romance      · Parteduro Mvcvm … ✓
[1973/2564] Romance      · Pata Mvc … ✓
[1974/2564] Romance      · Pehe Mvc … ✓
[1975/2564] Romance      · Preo Mvcvm   Full Version … ✓
[1976/2564] Romance      · Private Road Rvmr … ✓
[1977/2564] Romance      · Puppet Mvcvm   Full Version … ✓
[1978/2564] Romance      · Puppet Mvcvm   Rithmic Version … ✓
[1979/2564] Romance      · Puppet Mvcvm   Solo Piano … ✓
[1980/2564] Romance      · Queen Saturday Mvcvm … ✓
[1981/2564] Romance      · Resilience … ✓
[1982/2564] Romance      · Respirato Mvcvm … ✓
[1983/2564] Romance      · Revolver Mvcvm … ✓
[1984/2564] Romance      · Robot Smile No Drums Rvmr … ✓
[1985/2564] Romance      · Robot Smile Rvmr … ✓
[1986/2564] Romance      · Romi Mvcvm … ✓
[1987/2564] Romance      · Samuelsen Rv … ✓
[1988/2564] Romance      · Sbajato Mvcvm   Full Version … ✓
[1989/2564] Romance      · Sbajato Mvcvm   No Orchestra Version … ✓
[1990/2564] Romance      · Seye Mvc … ✓
[1991/2564] Romance      · Shake My Hand No Percus Rvmr … ✓
[1992/2564] Romance      · Shake My Hand Rvmr … ✓
[1993/2564] Romance      · Siti Mvc … ✓
[1994/2564] Romance      · Small Mvcvm … ✓
[1995/2564] Romance      · Smile Mvcvm … ✓
[1996/2564] Romance      · Something Strong … ✓
[1997/2564] Romance      · Spies Mvcvm … ✓
[1998/2564] Romance      · Stica Mvcvm … ✓
[1999/2564] Romance      · Stormclear Rvmr … ✓
[2000/2564] Romance      · Strange Bubbles … ✓
[2001/2564] Romance      · Strange Bubbles Keys Only … ✓
[2002/2564] Romance      · Strange Bubbles No Keys … ✓
[2003/2564] Romance      · Strike For Air No Bass Rvmr … ✓
[2004/2564] Romance      · Strike For Air Rvmr … ✓
[2005/2564] Romance      · Strike For Air Synth Only Rvmr … ✓
[2006/2564] Romance      · Strike For Air Wurlitzer Rvmr … ✓
[2007/2564] Romance      · Struck Mvcvm … ✓
[2008/2564] Romance      · Sun Burn Bass And Dark Piano Only … ✓
[2009/2564] Romance      · Sun Burn Pad And Keys Only … ✓
[2010/2564] Romance      · Surebita Mvcvm … ✓
[2011/2564] Romance      · Temps Ennemi … ✓
[2012/2564] Romance      · Temps Ennemi Underscore … ✓
[2013/2564] Romance      · The Credits … ✓
[2014/2564] Romance      · The Letters … ✓
[2015/2564] Romance      · The Opening … ✓
[2016/2564] Romance      · Zefrottito Mvcvm … ✓
[2017/2564] Suspense     · Andy Winter Rvmr … ✓
[2018/2564] Suspense     · Arrhytmia … ✓
[2019/2564] Suspense     · Atmospheric View … ✓
[2020/2564] Suspense     · Attirance … ✓
[2021/2564] Suspense     · Awkward … ✓
[2022/2564] Suspense     · Black Drop Rvmr … ✓
[2023/2564] Suspense     · Blank Rvmr … ✓
[2024/2564] Suspense     · Broken Nails Rvmr … ✓
[2025/2564] Suspense     · Buddy Web Rvmr … ✓
[2026/2564] Suspense     · Catalano Story … ✓
[2027/2564] Suspense     · Classic Beat Rvmr … ✓
[2028/2564] Suspense     · Clock … ✓
[2029/2564] Suspense     · Coffey Man Rvmr … ✓
[2030/2564] Suspense     · Connections Rvmr … ✓
[2031/2564] Suspense     · Crazy Network Rvmr … ✓
[2032/2564] Suspense     · Dammartin Project … ✓
[2033/2564] Suspense     · Deep Green Pr Ignatius … ✓
[2034/2564] Suspense     · Dingos Rvmr … ✓
[2035/2564] Suspense     · Does It Fly Rvmr … ✓
[2036/2564] Suspense     · Fall Down … ✓
[2037/2564] Suspense     · Fire Glitch Rvmr … ✓
[2038/2564] Suspense     · Genereuse … ✓
[2039/2564] Suspense     · Genereuse No Rythm … ✓
[2040/2564] Suspense     · Genereuse Variation … ✓
[2041/2564] Suspense     · Green Creature Rvmr … ✓
[2042/2564] Suspense     · Green Note Rvmr … ✓
[2043/2564] Suspense     · Horse Power Rvmr … ✓
[2044/2564] Suspense     · In Tabac Ostinato … ✓
[2045/2564] Suspense     · In Tabac Ostinato Marimba And Ducimer … ✓
[2046/2564] Suspense     · In Tabac Ostinato Pad Drum … ✓
[2047/2564] Suspense     · Ind Tabac Drone E … ✓
[2048/2564] Suspense     · Ind Tabac Drone E No Marimba … ✓
[2049/2564] Suspense     · Ind Tabac Marimba … ✓
[2050/2564] Suspense     · Ind Tabac Marimba Drums Marimba … ✓
[2051/2564] Suspense     · Ind Tabac Marimba No Drums … ✓
[2052/2564] Suspense     · Ind Tabac Martinez … ✓
[2053/2564] Suspense     · Ind Tabac Martinez Drum And Basse … ✓
[2054/2564] Suspense     · Ind Tabac Martinez Keys Basse And Sample … ✓
[2055/2564] Suspense     · Ind Tabac Modulaire 2 … ✓
[2056/2564] Suspense     · Ind Tabac Modulaire 2 Mando Bass And Drums … ✓
[2057/2564] Suspense     · Ind Tabac Modulaire 2 Rhodes Sample … ✓
[2058/2564] Suspense     · Ind Tabac Modulaire 3 … ✓
[2059/2564] Suspense     · Ind Tabac Modulaire 3 Drums Marimba Pizz … ✓
[2060/2564] Suspense     · Ind Tabac Modulaire 3 Sample Piano Pizz … ✓
[2061/2564] Suspense     · Ind Tabac Pizzicato … ✓
[2062/2564] Suspense     · Ind Tabac Pizzicato Glock And Flute … ✓
[2063/2564] Suspense     · Ind Tabac Pizzicato Low Strings Only … ✓
[2064/2564] Suspense     · Ind Tabac Pizzicato Pizz Only … ✓
[2065/2564] Suspense     · Ind Tabac Weval … ✓
[2066/2564] Suspense     · Ind Tabac Weval Drum Basse … ✓
[2067/2564] Suspense     · Ind Tabac Weval Keys Only … ✓
[2068/2564] Suspense     · Laser Cut Rvmr … ✓
[2069/2564] Suspense     · Linkin Harmony … ✓
[2070/2564] Suspense     · Math Test No Drums Rvmr … ✓
[2071/2564] Suspense     · Math Test Rvmr … ✓
[2072/2564] Suspense     · No Button Rvmr … ✓
[2073/2564] Suspense     · No Button Rvmr Roman Chelminski … ✓
[2074/2564] Suspense     · On The Line … ✓
[2075/2564] Suspense     · Orbital Rvmr … ✓
[2076/2564] Suspense     · Positive Dingos Rvmr … ✓
[2077/2564] Suspense     · Positive Dingos Rvmr Roman Chelminski … ✓
[2078/2564] Suspense     · Renaissance … ✓
[2079/2564] Suspense     · Rock Bottom Rvmr … ✓
[2080/2564] Suspense     · Rvmr Hda1 … ✓
[2081/2564] Suspense     · Rvmr Hda2 … ✓
[2082/2564] Suspense     · Rvmr Suspense 1 … ✓
[2083/2564] Suspense     · Rvmr Suspense 2 … ✓
[2084/2564] Suspense     · Rvmr Tension … ✓
[2085/2564] Suspense     · Rvmr Tension No String And Drums … ✓
[2086/2564] Suspense     · Seeking The Truth … ✓
[2087/2564] Suspense     · Slam Shot Rvmr … ✓
[2088/2564] Suspense     · Something Strong Guitars  Pr Ignatius … ✓
[2089/2564] Suspense     · Something Strong Keyboards  Pr Ignatius … ✓
[2090/2564] Suspense     · Something Strong Pr Ignatius.Aif.New.01 … ✓
[2091/2564] Suspense     · Space Piano … ✓
[2092/2564] Suspense     · Spasm Rvmr … ✓
[2093/2564] Suspense     · Splinter Tears Rvmr … ✓
[2094/2564] Suspense     · Spy Office Rvmr … ✓
[2095/2564] Suspense     · Stormfront Rvmr … ✓
[2096/2564] Suspense     · Strange Bubbles … ✓
[2097/2564] Suspense     · Strange Bubbles Keys Only … ✓
[2098/2564] Suspense     · Strange Bubbles No Keys … ✓
[2099/2564] Suspense     · Stress Machine No Piano No Drums Rvmr … ✓
[2100/2564] Suspense     · Stress Machine No Piano Rvmr … ✓
[2101/2564] Suspense     · Stress Machine Rvmr … ✓
[2102/2564] Suspense     · Stress Machine Strings And Horns Only Rvmr … ✓
[2103/2564] Suspense     · Strike For Air No Bass Rvmr … ✓
[2104/2564] Suspense     · Strike For Air Rvmr … ✓
[2105/2564] Suspense     · Strike For Air Synth Only Rvmr … ✓
[2106/2564] Suspense     · Strike For Air Wurlitzer Rvmr … ✓
[2107/2564] Suspense     · Suspect Gardener … ✓
[2108/2564] Suspense     · Sword Walker Rvmr … ✓
[2109/2564] Suspense     · Taiko March Rvmr … ✓
[2110/2564] Suspense     · Tension Latente … ✓
[2111/2564] Suspense     · The Assault … ✓
[2112/2564] Suspense     · Through The Sky … ✓
[2113/2564] Suspense     · Tic Toc … ✓
[2114/2564] Suspense     · Toxic U Rvmr … ✓
[2115/2564] Suspense     · Verve The Rvmr … ✓
[2116/2564] Swing Jazz   · Ad Lib Jazztip Wuv … ✓
[2117/2564] Swing Jazz   · Basement … ✓
[2118/2564] Swing Jazz   · Checchina Mvcvm … ✓
[2119/2564] Swing Jazz   · Deep Stack Rvmr … ✓
[2120/2564] Swing Jazz   · Djago Dvc … ✓
[2121/2564] Swing Jazz   · Drumsticks Wuv … ✓
[2122/2564] Swing Jazz   · Fast Drummer Wuv … ✓
[2123/2564] Swing Jazz   · Hi Hats Variations Wuv … ✓
[2124/2564] Swing Jazz   · Hityo Mvc … ✓
[2125/2564] Swing Jazz   · Im Next And Bad Drums Only Rvmr … ✓
[2126/2564] Swing Jazz   · Jazz Swing Juv … ✓
[2127/2564] Swing Jazz   · Kick And Toms Wuv … ✓
[2128/2564] Swing Jazz   · Mad Drumming Wuv … ✓
[2129/2564] Swing Jazz   · Respirato Mvcvm … ✓
[2130/2564] Swing Jazz   · Ride Groove Wuv … ✓
[2131/2564] Swing Jazz   · Robot Smile No Drums Rvmr … ✓
[2132/2564] Swing Jazz   · Robot Smile Rvmr … ✓
[2133/2564] Swing Jazz   · Samba Drumming Wuv … ✓
[2134/2564] Swing Jazz   · Swing Raggamuffin Wuv … ✓
[2135/2564] Swing Jazz   · Timpani Notes Wuv … ✓
[2136/2564] Swing Jazz   · Why Splash Wuv … ✓
[2137/2564] Swing Jazz   · Yoga Project Vv … ✓
[2138/2564] Transition   · Booms Mvcvm … ✓
[2139/2564] Transition   · Mineur Vcm … ✓
[2140/2564] Transition   · Rise 001 Mvcvm … ✓
[2141/2564] Transition   · Watitino Mvcvm … ✓
[2142/2564] Transition   · Whooshes Et Booms Mvcvm … ✓
[2143/2564] Transition   · Whooshes Mvcvm … ✓
[2144/2564] World Music  · Africa Goal Juv … ✓
[2145/2564] World Music  · Africa Man Juv … ✓
[2146/2564] World Music  · Africa Man Juv   Version Soft … ✓
[2147/2564] World Music  · African Ground Juv … ✓
[2148/2564] World Music  · African Ground Juv   Version Sans Rythmique … ✓
[2149/2564] World Music  · African Ground Juv   Version Soft … ✓
[2150/2564] World Music  · African Sky Juv … ✓
[2151/2564] World Music  · Airstream Dvc … ✓
[2152/2564] World Music  · Bazaruto Msvc … ✓
[2153/2564] World Music  · Beira Msvc … ✓
[2154/2564] World Music  · Beira Msvc   No Voices … ✓
[2155/2564] World Music  · Bite Me … ✓
[2156/2564] World Music  · Brodo Mvc … ✓
[2157/2564] World Music  · Chinese Eyes Juv … ✓
[2158/2564] World Music  · Come And Go … ✓
[2159/2564] World Music  · Corsicarum Juv … ✓
[2160/2564] World Music  · Cotton Groove Rvmr … ✓
[2161/2564] World Music  · Coxod Mvc … ✓
[2162/2564] World Music  · Cri De Guerre Juv … ✓
[2163/2564] World Music  · Dancelena Mvcvm … ✓
[2164/2564] World Music  · Dentro Mvcvm … ✓
[2165/2564] World Music  · Desert Mvcvm … ✓
[2166/2564] World Music  · Desert Mvcvm   No Ethnic Instruments … ✓
[2167/2564] World Music  · Dry Soil Rvmr … ✓
[2168/2564] World Music  · Epeq Mvc … ✓
[2169/2564] World Music  · Ethnic Juv … ✓
[2170/2564] World Music  · Evidence Juv … ✓
[2171/2564] World Music  · Firas Mvc … ✓
[2172/2564] World Music  · Flute Africaine Juv … ✓
[2173/2564] World Music  · Flute Aquatique Juv … ✓
[2174/2564] World Music  · Gallo Mvcvm … ✓
[2175/2564] World Music  · Gango Mvcvm … ✓
[2176/2564] World Music  · Ghots Mvc … ✓
[2177/2564] World Music  · Gianni Mvcvm   Full Version … ✓
[2178/2564] World Music  · Gianni Mvcvm   Marimba Version … ✓
[2179/2564] World Music  · Gianni Mvcvm   Short Version … ✓
[2180/2564] World Music  · Glove Mvcvm … ✓
[2181/2564] World Music  · Harmonium Ceremonia Juv … ✓
[2182/2564] World Music  · Hatit Mvc … ✓
[2183/2564] World Music  · Impressionne Dvc … ✓
[2184/2564] World Music  · Indiac Dvc … ✓
[2185/2564] World Music  · Indian Tension Dvc … ✓
[2186/2564] World Music  · Indiana Juv … ✓
[2187/2564] World Music  · Insomma Mvcvm … ✓
[2188/2564] World Music  · Intuition Dvc … ✓
[2189/2564] World Music  · Irlandaisium Juv … ✓
[2190/2564] World Music  · Kelue Mvc … ✓
[2191/2564] World Music  · Lartebelo Mvcvm … ✓
[2192/2564] World Music  · Legend Of Steel Dvc … ✓
[2193/2564] World Music  · Lima Sprint Rvmr … ✓
[2194/2564] World Music  · Lucorpu Mvcvm   Full Version … ✓
[2195/2564] World Music  · Lucorpu Mvcvm   Nappe Version … ✓
[2196/2564] World Music  · Lucorpu Mvcvm   No Ethnic Guitares … ✓
[2197/2564] World Music  · Lueke Mvc … ✓
[2198/2564] World Music  · Mallian Juv … ✓
[2199/2564] World Music  · Maputo Msvc … ✓
[2200/2564] World Music  · Medina Juv … ✓
[2201/2564] World Music  · Mom A0919 03 Once More Avs … ✓
[2202/2564] World Music  · Money Time Arv … ✓
[2203/2564] World Music  · Mozambicain Msvc … ✓
[2204/2564] World Music  · Munea Mvc … ✓
[2205/2564] World Music  · Musiro Faces Msvc … ✓
[2206/2564] World Music  · Muture Juv … ✓
[2207/2564] World Music  · Nameo Mvc … ✓
[2208/2564] World Music  · Ole Ola Rvmr … ✓
[2209/2564] World Music  · Oriental Beat Voices Juv … ✓
[2210/2564] World Music  · Oriental Lunch … ✓
[2211/2564] World Music  · Oriental Lunch Saz Only … ✓
[2212/2564] World Music  · Patep Mvc … ✓
[2213/2564] World Music  · Pehe Mvc … ✓
[2214/2564] World Music  · Percs Mvcvm … ✓
[2215/2564] World Music  · Pharaon Dvc … ✓
[2216/2564] World Music  · Puleo Mvcvm   Full Version … ✓
[2217/2564] World Music  · Puleo Mvcvm   Nappe … ✓
[2218/2564] World Music  · Puleo Mvcvm   No Ethnic Instruments … ✓
[2219/2564] World Music  · Puleo Mvcvm   Rithmic Version … ✓
[2220/2564] World Music  · Rain Of Percs Juv … ✓
[2221/2564] World Music  · Ruvor Mvc … ✓
[2222/2564] World Music  · Samba Drumming Wuv … ✓
[2223/2564] World Music  · Saz In Dubai … ✓
[2224/2564] World Music  · Saz In Dubai Saz Only … ✓
[2225/2564] World Music  · Sena Msvc … ✓
[2226/2564] World Music  · Siane Mvc … ✓
[2227/2564] World Music  · Socca Roots Wuv … ✓
[2228/2564] World Music  · Tap Friend Guitar 1 Only Rvmr … ✓
[2229/2564] World Music  · Tap Friend Guitar 2 Only Rvmr … ✓
[2230/2564] World Music  · Tap Friend Rvmr … ✓
[2231/2564] World Music  · Tap Friends Clap Et Cajon Rvmr … ✓
[2232/2564] World Music  · Tawa Mvc … ✓
[2233/2564] World Music  · The Dancing Emir … ✓
[2234/2564] World Music  · Titto Mvcvm … ✓
[2235/2564] World Music  · Ukel Mvc … ✓
[2236/2564] World Music  · Ukulala Juv … ✓
[2237/2564] World Music  · Va Et Viens … ✓
[2238/2564] World Music  · Vahia Mvc … ✓
[2239/2564] World Music  · Village People Dvc … ✓
[2240/2564] World Music  · Voyage Sous Les Mers Juv … ✓
[2241/2564] World Music  · Waian Mvc … ✓
[2242/2564] World Music  · Yoga Project Vv … ✓
[2243/2564] samples      · Cld Sample Video … ✓
[2244/2564] samples      · Dance 2 … ✓
[2245/2564] samples      · Elephants … ✓
[2246/2564] samples      · Sea … ✓
[2247/2564] Électro      · Back In The Hood Msvc … ✓
[2248/2564] Électro      · Bassmatie Juv … ✓
[2249/2564] Électro      · Being Dead Mvcvm … ✓
[2250/2564] Électro      · Being Dead Mvcvm   New Final … ✓
[2251/2564] Électro      · Berasinita Mvcvm … ✓
[2252/2564] Électro      · Blazin Jack Juv … ✓
[2253/2564] Électro      · Blondine Mvcvm … ✓
[2254/2564] Électro      · Bonda Mvcvm … ✓
[2255/2564] Électro      · Bozuk Mvc … ✓
[2256/2564] Électro      · Chemichal Feelings Msvc … ✓
[2257/2564] Électro      · Chipper Mvcvm … ✓
[2258/2564] Électro      · Cidul Mvc … ✓
[2259/2564] Électro      · Climaxing Juv … ✓
[2260/2564] Électro      · Comel Mvc … ✓
[2261/2564] Électro      · Cyber Gush Msvc … ✓
[2262/2564] Électro      · Dersono Mvcvm … ✓
[2263/2564] Électro      · Dersono Mvcvm   V2 … ✓
[2264/2564] Électro      · Desillusion … ✓
[2265/2564] Électro      · Diamondino Mvcvm … ✓
[2266/2564] Électro      · Dirby Mvc … ✓
[2267/2564] Électro      · Ducil Mvc … ✓
[2268/2564] Électro      · Electronic Scream Msvc … ✓
[2269/2564] Électro      · Emma Mvcvm   Full Version … ✓
[2270/2564] Électro      · Etoli Mvc … ✓
[2271/2564] Électro      · Fading Mvcvm … ✓
[2272/2564] Électro      · Faint Mvcvm … ✓
[2273/2564] Électro      · Fight For You Rv … ✓
[2274/2564] Électro      · Flying Bus Mvcvm … ✓
[2275/2564] Électro      · Flying Nights Msvc … ✓
[2276/2564] Électro      · Follow You Till The End Rv … ✓
[2277/2564] Électro      · Fourteen Mvcvm … ✓
[2278/2564] Électro      · Galaxy In Hills Msvc … ✓
[2279/2564] Électro      · Ghots Mvc … ✓
[2280/2564] Électro      · Gocid Mvc … ✓
[2281/2564] Électro      · Hangover Mvcvm   Full Version … ✓
[2282/2564] Électro      · Hangover Mvcvm   Rithmic Version … ✓
[2283/2564] Électro      · Happy Me Rv … ✓
[2284/2564] Électro      · Hokid Mvc … ✓
[2285/2564] Électro      · Hotoq Mvc … ✓
[2286/2564] Électro      · Hutyt Mvc … ✓
[2287/2564] Électro      · Ikoxi Mvc … ✓
[2288/2564] Électro      · King Of Tuning Msvc … ✓
[2289/2564] Électro      · Lahaj Mvc … ✓
[2290/2564] Électro      · Loops 001 Mvcvm   95 Bpm Triplets … ✓
[2291/2564] Électro      · Loops 002 Mvcvm   95 Bpm … ✓
[2292/2564] Électro      · Loops 003 Mvcvm   100 Bpm … ✓
[2293/2564] Électro      · Lost Generation Msvc … ✓
[2294/2564] Électro      · Lunar Energy Msvc … ✓
[2295/2564] Électro      · Luxoy Mvc … ✓
[2296/2564] Électro      · Monday Mvcvm … ✓
[2297/2564] Électro      · Morning Mvcvm … ✓
[2298/2564] Électro      · My Muse Is Electronic Msvc … ✓
[2299/2564] Électro      · Mystic Seventies Style Msvc … ✓
[2300/2564] Électro      · Night Walkers Msvc … ✓
[2301/2564] Électro      · Normanole Mvcvm … ✓
[2302/2564] Électro      · Nusie Mvc … ✓
[2303/2564] Électro      · Oversystem Mvcvm … ✓
[2304/2564] Électro      · Patto Mvcvm … ✓
[2305/2564] Électro      · Pionecapo Mvcvm … ✓
[2306/2564] Électro      · Pixi Mvc … ✓
[2307/2564] Électro      · Playing Dreams Msvc … ✓
[2308/2564] Électro      · Pluckair Mvcvm … ✓
[2309/2564] Électro      · Power Mvcvm … ✓
[2310/2564] Électro      · Programma Mvcvm   Full Version … ✓
[2311/2564] Électro      · Puqu Mvc … ✓
[2312/2564] Électro      · Qoxik Mvc … ✓
[2313/2564] Électro      · Reason Mvcvm … ✓
[2314/2564] Électro      · Revolver Mvcvm … ✓
[2315/2564] Électro      · Rewol Mvc … ✓
[2316/2564] Électro      · Ricerca Mvcvm   Full Version … ✓
[2317/2564] Électro      · Savane Mvcvm … ✓
[2318/2564] Électro      · Sekko Mvcvm   Full Version … ✓
[2319/2564] Électro      · Sekko Mvcvm   Light Version … ✓
[2320/2564] Électro      · Selof Mvc … ✓
[2321/2564] Électro      · Shining Willow Msvc … ✓
[2322/2564] Électro      · Sinbralli Mvcvm … ✓
[2323/2564] Électro      · Souleyman Mvcvm … ✓
[2324/2564] Électro      · Soxo Mvc … ✓
[2325/2564] Électro      · Spacer Poppers Msvc … ✓
[2326/2564] Électro      · Sunshine Mvcvm … ✓
[2327/2564] Électro      · Suspended Times Msvc … ✓
[2328/2564] Électro      · System Gou Vv … ✓
[2329/2564] Électro      · Timala Mvcvm … ✓
[2330/2564] Électro      · Tirac Mvc … ✓
[2331/2564] Électro      · Tizo Mvcvm … ✓
[2332/2564] Électro      · Tospav Mvc … ✓
[2333/2564] Électro      · Trance Decadence Msvc … ✓
[2334/2564] Électro      · Tropenatilo Mvcvm … ✓
[2335/2564] Électro      · Tuesday Mvcvm … ✓
[2336/2564] Électro      · Tyiok Mvc … ✓
[2337/2564] Électro      · Unsafe Brazil Waves Msvc … ✓
[2338/2564] Électro      · Unstable Heaven Msvc … ✓
[2339/2564] Électro      · Uvovu Mvc … ✓
[2340/2564] Électro      · Uxosi Mvc … ✓
[2341/2564] Électro      · Vaxok Mvc … ✓
[2342/2564] Électro      · Vendi Mvcvm … ✓
[2343/2564] Électro      · Winner Pride Rv … ✓
[2344/2564] Électro      · Wish Stars Mscv … ✓
[2345/2564] Électro      · Yoga Project Vv … ✓
[2346/2564] Électro-Pop  · Air De Rien No Horns … ✓
[2347/2564] Électro-Pop  · Alone Gone Mvcvm … ✓
[2348/2564] Électro-Pop  · Atmos Rvmr … ✓
[2349/2564] Électro-Pop  · Attirance … ✓
[2350/2564] Électro-Pop  · Attirance Rythm Section … ✓
[2351/2564] Électro-Pop  · Attirance Underscore … ✓
[2352/2564] Électro-Pop  · Azzurro Mvcvm … ✓
[2353/2564] Électro-Pop  · Baby Bounce Rvmr … ✓
[2354/2564] Électro-Pop  · Bassmatie Juv … ✓
[2355/2564] Électro-Pop  · Beach Soccer Rvmr … ✓
[2356/2564] Électro-Pop  · Beat Me … ✓
[2357/2564] Électro-Pop  · Berasinita Mvcvm … ✓
[2358/2564] Électro-Pop  · Bite Me … ✓
[2359/2564] Électro-Pop  · Blaze Rv … ✓
[2360/2564] Électro-Pop  · Blazin Jack Juv … ✓
[2361/2564] Électro-Pop  · Bling Mall … ✓
[2362/2564] Électro-Pop  · Bling Shopping … ✓
[2363/2564] Électro-Pop  · Blondine Mvcvm … ✓
[2364/2564] Électro-Pop  · Bluelight Mvcvm … ✓
[2365/2564] Électro-Pop  · Bozuk Mvc … ✓
[2366/2564] Électro-Pop  · Broken Nails Rvmr … ✓
[2367/2564] Électro-Pop  · Buddy Web Rvmr … ✓
[2368/2564] Électro-Pop  · Bullet Hunt Rvmr … ✓
[2369/2564] Électro-Pop  · Burup Mvc … ✓
[2370/2564] Électro-Pop  · Cabron Caviar Rv … ✓
[2371/2564] Électro-Pop  · Chateau Lavanda … ✓
[2372/2564] Électro-Pop  · Chemichal Feelings Msvc … ✓
[2373/2564] Électro-Pop  · Cicledica Mvcvm   Full Version … ✓
[2374/2564] Électro-Pop  · Cicledica Mvcvm   Full Version Guitar Only … ✓
[2375/2564] Électro-Pop  · Cicledica Mvcvm   Short Version … ✓
[2376/2564] Électro-Pop  · Cicledica Mvcvm   Short Version V2 … ✓
[2377/2564] Électro-Pop  · Cidul Mvc … ✓
[2378/2564] Électro-Pop  · Close Choices Msvc … ✓
[2379/2564] Électro-Pop  · Comel Mvc … ✓
[2380/2564] Électro-Pop  · Connections Rvmr … ✓
[2381/2564] Électro-Pop  · Consecration … ✓
[2382/2564] Électro-Pop  · Corsicarum Juv … ✓
[2383/2564] Électro-Pop  · Cosmopop Msvc … ✓
[2384/2564] Électro-Pop  · Cosmopop Msvc   Version No Toms … ✓
[2385/2564] Électro-Pop  · Courant Alternatif … ✓
[2386/2564] Électro-Pop  · Crazy Network Rvmr … ✓
[2387/2564] Électro-Pop  · Cyber Gush Msvc … ✓
[2388/2564] Électro-Pop  · Dersono Mvcvm … ✓
[2389/2564] Électro-Pop  · Dersono Mvcvm   V2 … ✓
[2390/2564] Électro-Pop  · Desillusion … ✓
[2391/2564] Électro-Pop  · Diamond Scars Msvc … ✓
[2392/2564] Électro-Pop  · Digit Mvcvm … ✓
[2393/2564] Électro-Pop  · Digital Smokers Msvc … ✓
[2394/2564] Électro-Pop  · Dirby Mvc … ✓
[2395/2564] Électro-Pop  · Do You Wanna Funk With Me Msvc … ✓
[2396/2564] Électro-Pop  · Dreamer Dvc … ✓
[2397/2564] Électro-Pop  · Drops Of Gas … ✓
[2398/2564] Électro-Pop  · Drunkenness Dreams Msvc … ✓
[2399/2564] Électro-Pop  · Dry And Cold … ✓
[2400/2564] Électro-Pop  · Ducil Mvc … ✓
[2401/2564] Électro-Pop  · Dumba Mvcvm … ✓
[2402/2564] Électro-Pop  · Elektrika Mvcvm … ✓
[2403/2564] Électro-Pop  · Faggio Mvcvm … ✓
[2404/2564] Électro-Pop  · Fight For You Rv … ✓
[2405/2564] Électro-Pop  · Finnet Mvcvm … ✓
[2406/2564] Électro-Pop  · Fly In The Motor … ✓
[2407/2564] Électro-Pop  · Fly In The Motor Only Percs … ✓
[2408/2564] Électro-Pop  · Fly In The Motor Piano Only … ✓
[2409/2564] Électro-Pop  · Flying Nights Msvc … ✓
[2410/2564] Électro-Pop  · Follow You Till The End Rv … ✓
[2411/2564] Électro-Pop  · Fowtl Mvc … ✓
[2412/2564] Électro-Pop  · Freesbie Rvmr … ✓
[2413/2564] Électro-Pop  · Front Train Rvmr … ✓
[2414/2564] Électro-Pop  · Genereuse … ✓
[2415/2564] Électro-Pop  · Genereuse No Rythm … ✓
[2416/2564] Électro-Pop  · Genereuse Variation … ✓
[2417/2564] Électro-Pop  · Ghots Mvc … ✓
[2418/2564] Électro-Pop  · Giv Science Rvmr … ✓
[2419/2564] Électro-Pop  · Gocid Mvc … ✓
[2420/2564] Électro-Pop  · Got Him Rvmr … ✓
[2421/2564] Électro-Pop  · Happy Me Rv … ✓
[2422/2564] Électro-Pop  · I Love Pop Msvc … ✓
[2423/2564] Électro-Pop  · Ikoft Mvc … ✓
[2424/2564] Électro-Pop  · Im Next And Bad No Strings No Horns Rvmr … ✓
[2425/2564] Électro-Pop  · Im Next And Bad Piano And Drums Only Rvmr … ✓
[2426/2564] Électro-Pop  · Im Next And Bad Rvmr … ✓
[2427/2564] Électro-Pop  · Im Next Rvmr … ✓
[2428/2564] Électro-Pop  · In The Zone … ✓
[2429/2564] Électro-Pop  · In The Zone Bass Drums … ✓
[2430/2564] Électro-Pop  · In The Zone Rythm Section … ✓
[2431/2564] Électro-Pop  · In The Zone Underscore … ✓
[2432/2564] Électro-Pop  · Ind Tabac Martinez … ✓
[2433/2564] Électro-Pop  · Ind Tabac Martinez Drum And Basse … ✓
[2434/2564] Électro-Pop  · Ind Tabac Martinez Keys Basse And Sample … ✓
[2435/2564] Électro-Pop  · Ind Tabac Modulaire 2 … ✓
[2436/2564] Électro-Pop  · Ind Tabac Modulaire 2 Mando Bass And Drums … ✓
[2437/2564] Électro-Pop  · Ind Tabac Modulaire 2 Rhodes Sample … ✓
[2438/2564] Électro-Pop  · Ind Tabac Modulaire 3 … ✓
[2439/2564] Électro-Pop  · Ind Tabac Modulaire 3 Drums Marimba Pizz … ✓
[2440/2564] Électro-Pop  · Ind Tabac Modulaire 3 Sample Piano Pizz … ✓
[2441/2564] Électro-Pop  · Ind Tabac Weval … ✓
[2442/2564] Électro-Pop  · Ind Tabac Weval Drum Basse … ✓
[2443/2564] Électro-Pop  · Ind Tabac Weval Keys Only … ✓
[2444/2564] Électro-Pop  · Jihil Mvc … ✓
[2445/2564] Électro-Pop  · Jula Rvmr … ✓
[2446/2564] Électro-Pop  · Jula Rvmr 2 … ✓
[2447/2564] Électro-Pop  · Jutoh Mvc … ✓
[2448/2564] Électro-Pop  · Key Fun Rvmr … ✓
[2449/2564] Électro-Pop  · Kotah Mvc … ✓
[2450/2564] Électro-Pop  · Lahaj Mvc … ✓
[2451/2564] Électro-Pop  · Lasco Juv … ✓
[2452/2564] Électro-Pop  · Le Foyer Rvmr … ✓
[2453/2564] Électro-Pop  · Lenno Rvmr … ✓
[2454/2564] Électro-Pop  · Les Conquerants … ✓
[2455/2564] Électro-Pop  · Lete Mvc … ✓
[2456/2564] Électro-Pop  · Lighter Dvc … ✓
[2457/2564] Électro-Pop  · Lihox Mvc … ✓
[2458/2564] Électro-Pop  · Listen Carefully Mvcvm … ✓
[2459/2564] Électro-Pop  · Liwi Mvc … ✓
[2460/2564] Électro-Pop  · Loufi Mvc … ✓
[2461/2564] Électro-Pop  · Lovo Mvc … ✓
[2462/2564] Électro-Pop  · Luhu Mvc … ✓
[2463/2564] Électro-Pop  · Lunar Energy Msvc … ✓
[2464/2564] Électro-Pop  · Manaralita Mvcvm … ✓
[2465/2564] Électro-Pop  · Mapple Mvcvm … ✓
[2466/2564] Électro-Pop  · Models Rvmr … ✓
[2467/2564] Électro-Pop  · Mom A0906 01 Sweet Avs … ✓
[2468/2564] Électro-Pop  · Momo Rvmr … ✓
[2469/2564] Électro-Pop  · Monday Mvcvm … ✓
[2470/2564] Électro-Pop  · Money Time Arv … ✓
[2471/2564] Électro-Pop  · Morning Mvcvm … ✓
[2472/2564] Électro-Pop  · My Muse Is Electronic Msvc … ✓
[2473/2564] Électro-Pop  · Mystic Seventies Style Msvc … ✓
[2474/2564] Électro-Pop  · Nasaro Mvcvm … ✓
[2475/2564] Électro-Pop  · Nisi Mvc … ✓
[2476/2564] Électro-Pop  · Nostalgie … ✓
[2477/2564] Électro-Pop  · Nostalgie No Rythm … ✓
[2478/2564] Électro-Pop  · Nostalgie Rythm Section … ✓
[2479/2564] Électro-Pop  · Oeuf Mvc … ✓
[2480/2564] Électro-Pop  · Olawa Mvcvm … ✓
[2481/2564] Électro-Pop  · Ouat Mvc … ✓
[2482/2564] Électro-Pop  · Parteduro Mvcvm … ✓
[2483/2564] Électro-Pop  · Patta Mvcvm … ✓
[2484/2564] Électro-Pop  · Pecheroum Juv … ✓
[2485/2564] Électro-Pop  · Perfetto Mvcvm   Full Version … ✓
[2486/2564] Électro-Pop  · Perfetto Mvcvm   Rithmic Version … ✓
[2487/2564] Électro-Pop  · Pipo Mvcvm … ✓
[2488/2564] Électro-Pop  · Pixi Mvc … ✓
[2489/2564] Électro-Pop  · Places Rv … ✓
[2490/2564] Électro-Pop  · Playing Dreams Msvc … ✓
[2491/2564] Électro-Pop  · Pluckair Mvcvm … ✓
[2492/2564] Électro-Pop  · Poppy Dvc … ✓
[2493/2564] Électro-Pop  · Positive Dingos Rvmr … ✓
[2494/2564] Électro-Pop  · Potor Mvc … ✓
[2495/2564] Électro-Pop  · Power Mvcvm … ✓
[2496/2564] Électro-Pop  · Poyo Mvc … ✓
[2497/2564] Électro-Pop  · Prodijay Rvmr … ✓
[2498/2564] Électro-Pop  · Puqu Mvc … ✓
[2499/2564] Électro-Pop  · Quite Like Me Mvcvm … ✓
[2500/2564] Électro-Pop  · Radio Mvcvm … ✓
[2501/2564] Électro-Pop  · Real Green Gone Mvcvm … ✓
[2502/2564] Électro-Pop  · Real Green Gone Mvcvm   Rhytmic Version … ✓
[2503/2564] Électro-Pop  · Reve De Lezard Arv … ✓
[2504/2564] Électro-Pop  · Rikip Mvc … ✓
[2505/2564] Électro-Pop  · Rondo Pop Msvc … ✓
[2506/2564] Électro-Pop  · Ronron Rvmr … ✓
[2507/2564] Électro-Pop  · Saha Mvc … ✓
[2508/2564] Électro-Pop  · Sandolita Mvcvm … ✓
[2509/2564] Électro-Pop  · Sauvage Rv … ✓
[2510/2564] Électro-Pop  · Saw Tooth Rvmr … ✓
[2511/2564] Électro-Pop  · Seeking The Truth … ✓
[2512/2564] Électro-Pop  · Selhad Vv … ✓
[2513/2564] Électro-Pop  · Sinbralli Mvcvm … ✓
[2514/2564] Électro-Pop  · Something Strong … ✓
[2515/2564] Électro-Pop  · Souleyman Mvcvm … ✓
[2516/2564] Électro-Pop  · Spigolattacco Mvcvm … ✓
[2517/2564] Électro-Pop  · Splinter Tears Rvmr … ✓
[2518/2564] Électro-Pop  · Spring Of Somebody Msvc … ✓
[2519/2564] Électro-Pop  · Spring Of Somebody Msvc   No Drums … ✓
[2520/2564] Électro-Pop  · Stop Mvcvm … ✓
[2521/2564] Électro-Pop  · Strange Bubbles … ✓
[2522/2564] Électro-Pop  · Street Soul Msvc … ✓
[2523/2564] Électro-Pop  · Stress Machine Rvmr … ✓
[2524/2564] Électro-Pop  · Sun Burn Bass And Dark Piano Only … ✓
[2525/2564] Électro-Pop  · Sun Burn Pad And Keys Only … ✓
[2526/2564] Électro-Pop  · Sunshine Mvcvm … ✓
[2527/2564] Électro-Pop  · Suvu Mvc … ✓
[2528/2564] Électro-Pop  · Sweats Rvmr … ✓
[2529/2564] Électro-Pop  · Sweet Taco New Rvmr … ✓
[2530/2564] Électro-Pop  · Sweet Taco Rvmr … ✓
[2531/2564] Électro-Pop  · System Gou Vv … ✓
[2532/2564] Électro-Pop  · Systeme 80 Acc Basse No Synth Rvmr … ✓
[2533/2564] Électro-Pop  · Systeme 80 Acc Basse Rvmr … ✓
[2534/2564] Électro-Pop  · Systeme 80 Basse Only Rvmr … ✓
[2535/2564] Électro-Pop  · Systeme 80 Basse Ronde Rvmr … ✓
[2536/2564] Électro-Pop  · Systeme 80 No Synth Rvmr … ✓
[2537/2564] Électro-Pop  · Systeme 80 Rvmr … ✓
[2538/2564] Électro-Pop  · Taiko March Rvmr … ✓
[2539/2564] Électro-Pop  · Telier Rvmr … ✓
[2540/2564] Électro-Pop  · The Yellow Knife Rvmr … ✓
[2541/2564] Électro-Pop  · Tizo Mvcvm … ✓
[2542/2564] Électro-Pop  · Top Of The Roof Rvmr … ✓
[2543/2564] Électro-Pop  · Tospav Mvc … ✓
[2544/2564] Électro-Pop  · Totelitino Mvcvm … ✓
[2545/2564] Électro-Pop  · Toxic U Rvmr … ✓
[2546/2564] Électro-Pop  · Troni Mvc … ✓
[2547/2564] Électro-Pop  · Trouble From East Rvmr … ✓
[2548/2564] Électro-Pop  · Undercover Rvmr … ✓
[2549/2564] Électro-Pop  · Unstoppable … ✓
[2550/2564] Électro-Pop  · Uvovu Mvc … ✓
[2551/2564] Électro-Pop  · Vaffa Mvcvm … ✓
[2552/2564] Électro-Pop  · Vinyle Forever … ✓
[2553/2564] Électro-Pop  · Vinyle Forever Ambiant … ✓
[2554/2564] Électro-Pop  · Virginia Mvcvm … ✓
[2555/2564] Électro-Pop  · Vothb Mvc … ✓
[2556/2564] Électro-Pop  · Wake Up Now Juv … ✓
[2557/2564] Électro-Pop  · Warm Night Msvc … ✓
[2558/2564] Électro-Pop  · Watitino Mvcvm … ✓
[2559/2564] Électro-Pop  · Whitestar Mvcvm … ✓
[2560/2564] Électro-Pop  · Winner Pride Rv … ✓
[2561/2564] Électro-Pop  · Wonderful Dream Msvc … ✓
[2562/2564] Électro-Pop  · Yoga Project Vv … ✓
[2563/2564] Électro-Pop  · Yvaeh Mvc … ✓
[2564/2564] Électro-Pop  · Yvaeh Mvc   Short Version … ✓

────────────────────────────────────────────────────────────
✅  1439 nouvelles pistes migrées  |  1125 déjà faites  |  0 échec(s)

📄  catalogue.json mis à jour
🗑  migration_progress.json supprimé

🔍  2564/2564 URLs pointent maintenant vers « dtfm2cwm0 »
